2024-10-26 14:43:04.723 [info] Added views:outline in workbench.view.explorer
2024-10-26 14:43:04.723 [info] Added views:workbench.view.search in workbench.view.search
2024-10-26 14:43:04.723 [info] Added views:workbench.scm in workbench.view.scm
2024-10-26 14:43:04.723 [info] Added views:workbench.panel.markers.view in workbench.panel.markers
2024-10-26 14:43:04.723 [info] Added views:workbench.panel.output in workbench.panel.output
2024-10-26 14:43:04.723 [info] Added views:terminal in terminal
2024-10-26 14:43:04.723 [info] Added views:timeline in workbench.view.explorer
2024-10-26 14:43:04.723 [info] Added views:workbench.explorer.emptyView in workbench.view.explorer
2024-10-26 14:43:04.833 [info] Added views:workbench.debug.welcome in workbench.view.debug
2024-10-26 14:43:05.256 [info] Added views:workbench.panel.repl.view in workbench.panel.repl
2024-10-26 14:43:05.291 [info] Added views:~remote.forwardedPorts in ~remote.forwardedPortsContainer
2024-10-26 14:43:29.776 [info] Added views:outline in workbench.view.explorer
2024-10-26 14:43:29.776 [info] Added views:workbench.view.search in workbench.view.search
2024-10-26 14:43:29.776 [info] Added views:workbench.scm in workbench.view.scm
2024-10-26 14:43:29.776 [info] Added views:workbench.panel.markers.view in workbench.panel.markers
2024-10-26 14:43:29.776 [info] Added views:workbench.panel.output in workbench.panel.output
2024-10-26 14:43:29.776 [info] Added views:terminal in terminal
2024-10-26 14:43:29.776 [info] Added views:timeline in workbench.view.explorer
2024-10-26 14:43:29.776 [info] Added views:workbench.explorer.fileView in workbench.view.explorer
2024-10-26 14:43:29.887 [info] Added views:workbench.debug.variablesView,workbench.debug.watchExpressionsView,workbench.debug.callStackView,workbench.debug.breakPointsView in workbench.view.debug
2024-10-26 14:43:30.121 [info] Added views:~remote.forwardedPorts in ~remote.forwardedPortsContainer
2024-10-26 14:43:30.228 [info] Added views:workbench.panel.repl.view in workbench.panel.repl
2024-10-26 14:43:30.229 [info] Removed views:workbench.debug.breakPointsView,workbench.debug.callStackView,workbench.debug.watchExpressionsView,workbench.debug.variablesView from workbench.view.debug
2024-10-26 14:43:30.229 [info] Added views:workbench.debug.welcome in workbench.view.debug
2024-10-26 14:43:30.492 [info] Added views:workbench.scm.history in workbench.view.scm
2024-10-26 14:44:17.999 [info] Removed views:workbench.scm.history from workbench.view.scm
