2024-10-28 20:18:55.494 [info] Added views:outline in workbench.view.explorer
2024-10-28 20:18:55.494 [info] Added views:workbench.view.search in workbench.view.search
2024-10-28 20:18:55.494 [info] Added views:workbench.scm in workbench.view.scm
2024-10-28 20:18:55.494 [info] Added views:workbench.panel.markers.view in workbench.panel.markers
2024-10-28 20:18:55.494 [info] Added views:workbench.panel.output in workbench.panel.output
2024-10-28 20:18:55.494 [info] Added views:terminal in terminal
2024-10-28 20:18:55.494 [info] Added views:timeline in workbench.view.explorer
2024-10-28 20:18:55.494 [info] Added views:workbench.explorer.fileView in workbench.view.explorer
2024-10-28 20:18:55.874 [info] Added views:workbench.debug.welcome in workbench.view.debug
2024-10-28 20:18:55.952 [info] Added views:workbench.panel.repl.view in workbench.panel.repl
2024-10-28 20:18:55.998 [info] Added views:~remote.forwardedPorts in ~remote.forwardedPortsContainer
2024-10-28 20:18:56.122 [info] Added views:workbench.scm.history in workbench.view.scm
2024-10-28 20:19:09.949 [info] Removed views:workbench.scm.history from workbench.view.scm
2024-10-28 20:19:10.310 [info] Added views:outline in workbench.view.explorer
2024-10-28 20:19:10.310 [info] Added views:workbench.view.search in workbench.view.search
2024-10-28 20:19:10.310 [info] Added views:workbench.scm in workbench.view.scm
2024-10-28 20:19:10.310 [info] Added views:workbench.panel.markers.view in workbench.panel.markers
2024-10-28 20:19:10.310 [info] Added views:workbench.panel.output in workbench.panel.output
2024-10-28 20:19:10.310 [info] Added views:terminal in terminal
2024-10-28 20:19:10.310 [info] Added views:timeline in workbench.view.explorer
2024-10-28 20:19:10.310 [info] Added views:workbench.explorer.fileView in workbench.view.explorer
2024-10-28 20:19:10.669 [info] Added views:workbench.debug.variablesView,workbench.debug.watchExpressionsView,workbench.debug.callStackView,workbench.debug.breakPointsView in workbench.view.debug
2024-10-28 20:19:10.743 [info] Added views:~remote.forwardedPorts in ~remote.forwardedPortsContainer
2024-10-28 20:19:10.904 [info] Added views:workbench.panel.repl.view in workbench.panel.repl
2024-10-28 20:19:10.905 [info] Removed views:workbench.debug.breakPointsView,workbench.debug.callStackView,workbench.debug.watchExpressionsView,workbench.debug.variablesView from workbench.view.debug
2024-10-28 20:19:10.905 [info] Added views:workbench.debug.welcome in workbench.view.debug
2024-10-28 20:19:11.236 [info] Added views:workbench.scm.history in workbench.view.scm
2024-10-28 20:35:02.554 [info] Removed views:workbench.scm.history from workbench.view.scm
