2024-10-26 14:43:05.224 [info] Extension host with pid 4477 started
2024-10-26 14:43:05.255 [info] ExtensionService#_doActivateExtension vscode.emmet, startup: false, activationEvent: 'onLanguage'
2024-10-26 14:43:05.333 [info] ExtensionService#_doActivateExtension vscode.git-base, startup: true, activationEvent: '*', root cause: vscode.git
2024-10-26 14:43:05.341 [info] ExtensionService#_doActivateExtension vscode.git, startup: true, activationEvent: '*'
2024-10-26 14:43:05.398 [info] ExtensionService#_doActivateExtension vscode.github, startup: true, activationEvent: '*'
2024-10-26 14:43:05.452 [info] Eager extensions activated
2024-10-26 14:43:05.462 [info] ExtensionService#_doActivateExtension vscode.debug-auto-launch, startup: false, activationEvent: 'onStartupFinished'
2024-10-26 14:43:05.464 [info] ExtensionService#_doActivateExtension vscode.merge-conflict, startup: false, activationEvent: 'onStartupFinished'
2024-10-26 14:43:05.479 [info] ExtensionService#_doActivateExtension Catppuccin.catppuccin-vsc, startup: false, activationEvent: 'onStartupFinished'
2024-10-26 14:43:05.483 [info] ExtensionService#_doActivateExtension Catppuccin.catppuccin-vsc-icons, startup: false, activationEvent: 'onStartupFinished'
2024-10-26 14:43:05.563 [error] CodeExpectedError: Unable to write into user settings. Please open the user settings to correct errors/warnings in it and try again.
    at Bit.y (vscode-file://vscode-app/usr/lib/code/out/vs/workbench/workbench.desktop.main.js:3072:11660)
    at Bit.o (vscode-file://vscode-app/usr/lib/code/out/vs/workbench/workbench.desktop.main.js:3072:9128)
    at Bit.n (vscode-file://vscode-app/usr/lib/code/out/vs/workbench/workbench.desktop.main.js:3072:9019)
    at async Object.factory (vscode-file://vscode-app/usr/lib/code/out/vs/workbench/workbench.desktop.main.js:3072:8769)
2024-10-26 14:43:05.570 [info] ExtensionService#_doActivateExtension vscode.configuration-editing, startup: false, activationEvent: 'onLanguage:jsonc'
2024-10-26 14:43:05.580 [info] ExtensionService#_doActivateExtension vscode.json-language-features, startup: false, activationEvent: 'onLanguage:jsonc'
2024-10-26 14:43:05.622 [info] ExtensionService#_doActivateExtension vscode.typescript-language-features, startup: false, activationEvent: 'onLanguage:jsonc'
2024-10-26 14:43:29.501 [info] Extension host terminating: renderer closed the MessagePort
2024-10-26 14:43:29.508 [info] Extension host with pid 4477 exiting with code 0
2024-10-26 14:43:30.213 [info] Extension host with pid 4548 started
2024-10-26 14:43:30.213 [info] Skipping acquiring lock for /home/alex/.config/Code - OSS/User/workspaceStorage/2bde273873bc6c3cf5de19cad965c074.
2024-10-26 14:43:30.230 [info] ExtensionService#_doActivateExtension vscode.git-base, startup: true, activationEvent: '*', root cause: vscode.git
2024-10-26 14:43:30.252 [info] ExtensionService#_doActivateExtension vscode.git, startup: true, activationEvent: '*'
2024-10-26 14:43:30.310 [info] ExtensionService#_doActivateExtension vscode.github, startup: true, activationEvent: '*'
2024-10-26 14:43:30.363 [info] Eager extensions activated
2024-10-26 14:43:30.379 [info] ExtensionService#_doActivateExtension vscode.debug-auto-launch, startup: false, activationEvent: 'onStartupFinished'
2024-10-26 14:43:30.380 [info] ExtensionService#_doActivateExtension vscode.merge-conflict, startup: false, activationEvent: 'onStartupFinished'
2024-10-26 14:43:30.394 [info] ExtensionService#_doActivateExtension Catppuccin.catppuccin-vsc, startup: false, activationEvent: 'onStartupFinished'
2024-10-26 14:43:30.397 [info] ExtensionService#_doActivateExtension Catppuccin.catppuccin-vsc-icons, startup: false, activationEvent: 'onStartupFinished'
2024-10-26 14:43:30.491 [error] CodeExpectedError: Unable to write into user settings. Please open the user settings to correct errors/warnings in it and try again.
    at Bit.y (vscode-file://vscode-app/usr/lib/code/out/vs/workbench/workbench.desktop.main.js:3072:11660)
    at Bit.o (vscode-file://vscode-app/usr/lib/code/out/vs/workbench/workbench.desktop.main.js:3072:9128)
    at Bit.n (vscode-file://vscode-app/usr/lib/code/out/vs/workbench/workbench.desktop.main.js:3072:9019)
    at async Object.factory (vscode-file://vscode-app/usr/lib/code/out/vs/workbench/workbench.desktop.main.js:3072:8769)
2024-10-26 14:43:30.504 [info] ExtensionService#_doActivateExtension vscode.configuration-editing, startup: false, activationEvent: 'onLanguage:jsonc'
2024-10-26 14:43:30.512 [info] ExtensionService#_doActivateExtension vscode.json-language-features, startup: false, activationEvent: 'onLanguage:jsonc'
2024-10-26 14:43:30.555 [info] ExtensionService#_doActivateExtension vscode.typescript-language-features, startup: false, activationEvent: 'onLanguage:jsonc'
2024-10-26 14:43:30.595 [info] ExtensionService#_doActivateExtension vscode.emmet, startup: false, activationEvent: 'onLanguage'
2024-10-26 14:43:30.687 [info] ExtensionService#_doActivateExtension vscode.github-authentication, startup: false, activationEvent: 'onAuthenticationRequest:github'
2024-10-26 14:44:17.992 [info] Extension host terminating: renderer closed the MessagePort
2024-10-26 14:44:18.000 [error] Canceled: Canceled
	at new eA (file:///usr/lib/code/out/vs/workbench/api/node/extensionHostProcess.js:31:109321)
	at Zb.U (file:///usr/lib/code/out/vs/workbench/api/node/extensionHostProcess.js:31:113933)
	at s.<computed>.n.charCodeAt.s.<computed> (file:///usr/lib/code/out/vs/workbench/api/node/extensionHostProcess.js:31:111427)
	at T0.g (file:///usr/lib/code/out/vs/workbench/api/node/extensionHostProcess.js:114:32325)
	at T0.executeCommand (file:///usr/lib/code/out/vs/workbench/api/node/extensionHostProcess.js:114:31826)
	at r.registerCommand.description (file:///usr/lib/code/out/vs/workbench/api/node/extensionHostProcess.js:114:31156)
	at T0.h (file:///usr/lib/code/out/vs/workbench/api/node/extensionHostProcess.js:114:32845)
	at T0.g (file:///usr/lib/code/out/vs/workbench/api/node/extensionHostProcess.js:114:31919)
	at T0.executeCommand (file:///usr/lib/code/out/vs/workbench/api/node/extensionHostProcess.js:114:31826)
	at Object.executeCommand (file:///usr/lib/code/out/vs/workbench/api/node/extensionHostProcess.js:156:37049)
	at gh.O [as value] (/usr/lib/code/extensions/git/dist/main.js:2:953034)
	at T.B (file:///usr/lib/code/out/vs/workbench/api/node/extensionHostProcess.js:29:732)
	at T.C (file:///usr/lib/code/out/vs/workbench/api/node/extensionHostProcess.js:29:802)
	at T.fire (file:///usr/lib/code/out/vs/workbench/api/node/extensionHostProcess.js:29:1019)
	at Object.p [as dispose] (/usr/lib/code/extensions/git/dist/main.js:2:973612)
	at /usr/lib/code/extensions/git/dist/main.js:2:979734
	at Array.forEach (<anonymous>)
	at f.dispose (/usr/lib/code/extensions/git/dist/main.js:2:979720)
	at D1.<anonymous> (file:///usr/lib/code/out/vs/workbench/api/node/extensionHostProcess.js:108:19996)
	at D1.dispose (file:///usr/lib/code/out/vs/workbench/api/node/extensionHostProcess.js:108:20092)
	at D1.<anonymous> (/usr/lib/code/extensions/git/dist/main.js:2:955332)
	at D1.dispose (file:///usr/lib/code/out/vs/workbench/api/node/extensionHostProcess.js:108:20092)
	at Si (file:///usr/lib/code/out/vs/workbench/api/node/extensionHostProcess.js:24:701)
	at file:///usr/lib/code/out/vs/workbench/api/node/extensionHostProcess.js:118:14995
	at file:///usr/lib/code/out/vs/workbench/api/node/extensionHostProcess.js:24:1011
	at Object.dispose (file:///usr/lib/code/out/vs/workbench/api/node/extensionHostProcess.js:7:2146)
	at hB.eb (file:///usr/lib/code/out/vs/workbench/api/node/extensionHostProcess.js:118:11922)
	at file:///usr/lib/code/out/vs/workbench/api/node/extensionHostProcess.js:118:9877
	at Array.map (<anonymous>)
	at hB.$ (file:///usr/lib/code/out/vs/workbench/api/node/extensionHostProcess.js:118:9865)
	at hB.terminate (file:///usr/lib/code/out/vs/workbench/api/node/extensionHostProcess.js:118:10108)
	at M3.terminate (file:///usr/lib/code/out/vs/workbench/api/node/extensionHostProcess.js:119:1424)
	at ps (file:///usr/lib/code/out/vs/workbench/api/node/extensionHostProcess.js:174:15058)
	at MessagePortMain.<anonymous> (file:///usr/lib/code/out/vs/workbench/api/node/extensionHostProcess.js:174:11603)
	at MessagePortMain.emit (node:events:519:28)
	at MessagePortMain._internalPort.emit (node:electron/js2c/utility_init:2:2619) setContext undefined
2024-10-26 14:44:18.000 [error] Canceled: Canceled
	at new eA (file:///usr/lib/code/out/vs/workbench/api/node/extensionHostProcess.js:31:109321)
	at Zb.U (file:///usr/lib/code/out/vs/workbench/api/node/extensionHostProcess.js:31:113933)
	at s.<computed>.n.charCodeAt.s.<computed> (file:///usr/lib/code/out/vs/workbench/api/node/extensionHostProcess.js:31:111427)
	at T0.g (file:///usr/lib/code/out/vs/workbench/api/node/extensionHostProcess.js:114:32325)
	at T0.executeCommand (file:///usr/lib/code/out/vs/workbench/api/node/extensionHostProcess.js:114:31826)
	at r.registerCommand.description (file:///usr/lib/code/out/vs/workbench/api/node/extensionHostProcess.js:114:31156)
	at T0.h (file:///usr/lib/code/out/vs/workbench/api/node/extensionHostProcess.js:114:32845)
	at T0.g (file:///usr/lib/code/out/vs/workbench/api/node/extensionHostProcess.js:114:31919)
	at T0.executeCommand (file:///usr/lib/code/out/vs/workbench/api/node/extensionHostProcess.js:114:31826)
	at Object.executeCommand (file:///usr/lib/code/out/vs/workbench/api/node/extensionHostProcess.js:156:37049)
	at set hasGitHubRepositories (/usr/lib/code/extensions/github/dist/extension.js:2:321578)
	at /usr/lib/code/extensions/github/dist/extension.js:2:322537
	at gh.value (/usr/lib/code/extensions/git/dist/main.js:2:1061875)
	at T.B (file:///usr/lib/code/out/vs/workbench/api/node/extensionHostProcess.js:29:732)
	at T.C (file:///usr/lib/code/out/vs/workbench/api/node/extensionHostProcess.js:29:802)
	at T.fire (file:///usr/lib/code/out/vs/workbench/api/node/extensionHostProcess.js:29:1019)
	at Object.p [as dispose] (/usr/lib/code/extensions/git/dist/main.js:2:973612)
	at /usr/lib/code/extensions/git/dist/main.js:2:979734
	at Array.forEach (<anonymous>)
	at f.dispose (/usr/lib/code/extensions/git/dist/main.js:2:979720)
	at D1.<anonymous> (file:///usr/lib/code/out/vs/workbench/api/node/extensionHostProcess.js:108:19996)
	at D1.dispose (file:///usr/lib/code/out/vs/workbench/api/node/extensionHostProcess.js:108:20092)
	at D1.<anonymous> (/usr/lib/code/extensions/git/dist/main.js:2:955332)
	at D1.dispose (file:///usr/lib/code/out/vs/workbench/api/node/extensionHostProcess.js:108:20092)
	at Si (file:///usr/lib/code/out/vs/workbench/api/node/extensionHostProcess.js:24:701)
	at file:///usr/lib/code/out/vs/workbench/api/node/extensionHostProcess.js:118:14995
	at file:///usr/lib/code/out/vs/workbench/api/node/extensionHostProcess.js:24:1011
	at Object.dispose (file:///usr/lib/code/out/vs/workbench/api/node/extensionHostProcess.js:7:2146)
	at hB.eb (file:///usr/lib/code/out/vs/workbench/api/node/extensionHostProcess.js:118:11922)
	at file:///usr/lib/code/out/vs/workbench/api/node/extensionHostProcess.js:118:9877
	at Array.map (<anonymous>)
	at hB.$ (file:///usr/lib/code/out/vs/workbench/api/node/extensionHostProcess.js:118:9865)
	at hB.terminate (file:///usr/lib/code/out/vs/workbench/api/node/extensionHostProcess.js:118:10108)
	at M3.terminate (file:///usr/lib/code/out/vs/workbench/api/node/extensionHostProcess.js:119:1424)
	at ps (file:///usr/lib/code/out/vs/workbench/api/node/extensionHostProcess.js:174:15058)
	at MessagePortMain.<anonymous> (file:///usr/lib/code/out/vs/workbench/api/node/extensionHostProcess.js:174:11603)
	at MessagePortMain.emit (node:events:519:28)
	at MessagePortMain._internalPort.emit (node:electron/js2c/utility_init:2:2619) setContext undefined
2024-10-26 14:44:18.001 [info] Extension host with pid 4548 exiting with code 0
