2024-10-26 14:44:23.173 [info] [main] Log level: Info
2024-10-26 14:44:23.173 [info] [main] Validating found git in: "git"
2024-10-26 14:44:23.173 [info] [main] Using git "2.47.0" from "git"
2024-10-26 14:44:23.173 [info] [Model][doInitialScan] Initial repository scan started
2024-10-26 14:44:23.173 [info] > git rev-parse --show-toplevel [3ms]
2024-10-26 14:44:23.173 [info] fatal: not a git repository (or any of the parent directories): .git
2024-10-26 14:44:23.173 [info] > git rev-parse --show-toplevel [82ms]
2024-10-26 14:44:23.173 [info] fatal: not a git repository (or any of the parent directories): .git
2024-10-26 14:44:23.174 [info] > git rev-parse --show-toplevel [1ms]
2024-10-26 14:44:23.181 [info] > git rev-parse --git-dir --git-common-dir [1ms]
2024-10-26 14:44:23.189 [info] [Model][openRepository] Opened repository: /home/alex/programming/personal_blog
2024-10-26 14:44:23.203 [info] > git rev-parse --show-toplevel [2ms]
2024-10-26 14:44:23.203 [info] fatal: not a git repository (or any of the parent directories): .git
2024-10-26 14:44:23.204 [info] [Model][doInitialScan] Initial repository scan completed - repositories (1), closed repositories (0), parent repositories (0), unsafe repositories (0)
2024-10-26 14:44:23.204 [info] > git config --get commit.template [8ms]
2024-10-26 14:44:23.212 [info] > git for-each-ref --format=%(refname)%00%(upstream:short)%00%(objectname)%00%(upstream:track)%00%(upstream:remotename)%00%(upstream:remoteref) refs/heads/main refs/remotes/main [2ms]
2024-10-26 14:44:23.225 [info] > git status -z -uall [7ms]
2024-10-26 14:44:23.327 [info] > git for-each-ref --sort -committerdate --format %(refname) %(objectname) %(*objectname) [103ms]
2024-10-26 14:44:23.359 [info] > git for-each-ref --format=%(refname)%00%(upstream:short)%00%(objectname)%00%(upstream:track)%00%(upstream:remotename)%00%(upstream:remoteref) refs/heads/main refs/remotes/main [23ms]
2024-10-26 14:44:23.369 [info] > git config --local branch.main.vscode-merge-base [4ms]
2024-10-26 14:44:23.369 [warning] [Git][config] git config failed: Failed to execute git
2024-10-26 14:44:23.374 [info] > git config --get commit.template [15ms]
2024-10-26 14:44:23.398 [info] > git reflog main --grep-reflog=branch: Created from *. [24ms]
2024-10-26 14:44:23.418 [info] > git symbolic-ref --short refs/remotes/origin/HEAD [15ms]
2024-10-26 14:44:23.418 [info] fatal: ref refs/remotes/origin/HEAD is not a symbolic ref
2024-10-26 14:44:23.418 [warning] [Repository][getDefaultBranch] Failed to get default branch details: Failed to execute git.
2024-10-26 14:44:23.441 [info] > git merge-base refs/heads/main refs/remotes/origin/main [17ms]
2024-10-26 14:44:23.446 [info] > git for-each-ref --format=%(refname)%00%(upstream:short)%00%(objectname)%00%(upstream:track)%00%(upstream:remotename)%00%(upstream:remoteref) refs/heads/main refs/remotes/main [36ms]
2024-10-26 14:44:23.448 [info] > git diff --name-status -z --diff-filter=ADMR 67ae326a41ce10ca8283aaf6bcd7df2928dc9440...refs/remotes/origin/main [2ms]
2024-10-26 14:44:23.459 [info] > git status -z -uall [6ms]
2024-10-26 14:44:23.460 [info] > git for-each-ref --sort -committerdate --format %(refname) %(objectname) %(*objectname) [2ms]
2024-10-26 14:44:23.732 [info] > git check-ignore -v -z --stdin [1ms]
2024-10-26 14:44:25.000 [info] > git rev-parse --show-toplevel [1ms]
2024-10-26 14:44:25.000 [info] fatal: not a git repository (or any of the parent directories): .git
2024-10-26 14:46:58.086 [info] > git rev-parse --show-toplevel [1ms]
2024-10-26 14:46:58.086 [info] fatal: not a git repository (or any of the parent directories): .git
2024-10-26 14:47:05.097 [info] > git show --textconv :index.html [6ms]
2024-10-26 14:47:05.098 [info] > git ls-files --stage -- /home/alex/programming/personal_blog/index.html [2ms]
2024-10-26 14:47:05.104 [info] > git cat-file -s 1d1a726d4b32a1b0842b8543f0bdd12e38dfc118 [1ms]
2024-10-26 14:47:56.481 [info] > git config --get commit.template [6ms]
2024-10-26 14:47:56.481 [info] > git for-each-ref --format=%(refname)%00%(upstream:short)%00%(objectname)%00%(upstream:track)%00%(upstream:remotename)%00%(upstream:remoteref) refs/heads/main refs/remotes/main [1ms]
2024-10-26 14:47:56.492 [info] > git status -z -uall [6ms]
2024-10-26 14:47:56.492 [info] > git for-each-ref --sort -committerdate --format %(refname) %(objectname) %(*objectname) [1ms]
2024-10-26 14:48:00.170 [info] > git check-ignore -v -z --stdin [1ms]
2024-10-26 14:50:11.660 [info] > git config --get commit.template [6ms]
2024-10-26 14:50:11.661 [info] > git for-each-ref --format=%(refname)%00%(upstream:short)%00%(objectname)%00%(upstream:track)%00%(upstream:remotename)%00%(upstream:remoteref) refs/heads/main refs/remotes/main [1ms]
2024-10-26 14:50:11.671 [info] > git status -z -uall [6ms]
2024-10-26 14:50:11.671 [info] > git for-each-ref --sort -committerdate --format %(refname) %(objectname) %(*objectname) [1ms]
2024-10-26 14:50:23.580 [info] > git config --get commit.template [5ms]
2024-10-26 14:50:23.581 [info] > git for-each-ref --format=%(refname)%00%(upstream:short)%00%(objectname)%00%(upstream:track)%00%(upstream:remotename)%00%(upstream:remoteref) refs/heads/main refs/remotes/main [1ms]
2024-10-26 14:50:23.590 [info] > git status -z -uall [5ms]
2024-10-26 14:50:23.591 [info] > git for-each-ref --sort -committerdate --format %(refname) %(objectname) %(*objectname) [1ms]
2024-10-26 14:50:29.244 [info] > git show --textconv :pages/pipewire.html [5ms]
2024-10-26 14:50:29.245 [info] > git ls-files --stage -- /home/alex/programming/personal_blog/pages/pipewire.html [1ms]
2024-10-26 14:50:29.251 [info] > git cat-file -s 48941681ef22da838e794310460ad83cb8112cfa [1ms]
2024-10-26 14:51:06.304 [info] > git config --get commit.template [5ms]
2024-10-26 14:51:06.305 [info] > git for-each-ref --format=%(refname)%00%(upstream:short)%00%(objectname)%00%(upstream:track)%00%(upstream:remotename)%00%(upstream:remoteref) refs/heads/main refs/remotes/main [1ms]
2024-10-26 14:51:06.314 [info] > git status -z -uall [4ms]
2024-10-26 14:51:06.315 [info] > git for-each-ref --sort -committerdate --format %(refname) %(objectname) %(*objectname) [1ms]
2024-10-26 14:51:13.704 [info] > git config --get commit.template [5ms]
2024-10-26 14:51:13.704 [info] > git for-each-ref --format=%(refname)%00%(upstream:short)%00%(objectname)%00%(upstream:track)%00%(upstream:remotename)%00%(upstream:remoteref) refs/heads/main refs/remotes/main [1ms]
2024-10-26 14:51:13.714 [info] > git status -z -uall [5ms]
2024-10-26 14:51:13.715 [info] > git for-each-ref --sort -committerdate --format %(refname) %(objectname) %(*objectname) [1ms]
2024-10-26 14:51:18.116 [info] > git show --textconv :pages/info.html [6ms]
2024-10-26 14:51:18.117 [info] > git ls-files --stage -- /home/alex/programming/personal_blog/pages/info.html [1ms]
2024-10-26 14:51:18.122 [info] > git cat-file -s 3ac3582492e0f18549324fedbb427c99e73c945b [1ms]
2024-10-26 14:51:39.033 [info] > git config --get commit.template [5ms]
2024-10-26 14:51:39.034 [info] > git for-each-ref --format=%(refname)%00%(upstream:short)%00%(objectname)%00%(upstream:track)%00%(upstream:remotename)%00%(upstream:remoteref) refs/heads/main refs/remotes/main [1ms]
2024-10-26 14:51:39.043 [info] > git status -z -uall [5ms]
2024-10-26 14:51:39.044 [info] > git for-each-ref --sort -committerdate --format %(refname) %(objectname) %(*objectname) [1ms]
2024-10-26 14:51:49.499 [info] > git config --get commit.template [5ms]
2024-10-26 14:51:49.500 [info] > git for-each-ref --format=%(refname)%00%(upstream:short)%00%(objectname)%00%(upstream:track)%00%(upstream:remotename)%00%(upstream:remoteref) refs/heads/main refs/remotes/main [1ms]
2024-10-26 14:51:49.510 [info] > git status -z -uall [5ms]
2024-10-26 14:51:49.510 [info] > git for-each-ref --sort -committerdate --format %(refname) %(objectname) %(*objectname) [1ms]
2024-10-26 14:51:50.076 [info] > git show --textconv :pages/pipewire.html [5ms]
2024-10-26 14:51:50.077 [info] > git ls-files --stage -- /home/alex/programming/personal_blog/pages/pipewire.html [1ms]
2024-10-26 14:51:50.082 [info] > git cat-file -s 48941681ef22da838e794310460ad83cb8112cfa [1ms]
2024-10-26 14:51:59.381 [info] > git config --get commit.template [1ms]
2024-10-26 14:51:59.387 [info] > git for-each-ref --format=%(refname)%00%(upstream:short)%00%(objectname)%00%(upstream:track)%00%(upstream:remotename)%00%(upstream:remoteref) refs/heads/main refs/remotes/main [1ms]
2024-10-26 14:51:59.396 [info] > git status -z -uall [5ms]
2024-10-26 14:51:59.396 [info] > git for-each-ref --sort -committerdate --format %(refname) %(objectname) %(*objectname) [1ms]
2024-10-26 14:56:32.890 [info] > git config --get commit.template [6ms]
2024-10-26 14:56:32.890 [info] > git for-each-ref --format=%(refname)%00%(upstream:short)%00%(objectname)%00%(upstream:track)%00%(upstream:remotename)%00%(upstream:remoteref) refs/heads/main refs/remotes/main [1ms]
2024-10-26 14:56:32.902 [info] > git status -z -uall [6ms]
2024-10-26 14:56:32.902 [info] > git for-each-ref --sort -committerdate --format %(refname) %(objectname) %(*objectname) [1ms]
2024-10-26 14:56:32.919 [info] > git merge-base refs/heads/main refs/remotes/origin/main [8ms]
2024-10-26 14:56:32.926 [info] > git ls-files --stage -- /home/alex/programming/personal_blog/pages/pipewire.html [7ms]
2024-10-26 14:56:32.931 [info] > git diff --name-status -z --diff-filter=ADMR eae0587d43ee844bc87a3d688cf195555d2bff81...refs/remotes/origin/main [6ms]
2024-10-26 14:56:32.931 [info] > git cat-file -s 1aff21a13239a145cba57d7a20b763e978e67499 [1ms]
2024-10-26 14:56:32.938 [info] > git show --textconv :pages/pipewire.html [1ms]
2024-10-26 14:56:37.926 [info] > git config --get commit.template [5ms]
2024-10-26 14:56:37.927 [info] > git for-each-ref --format=%(refname)%00%(upstream:short)%00%(objectname)%00%(upstream:track)%00%(upstream:remotename)%00%(upstream:remoteref) refs/heads/main refs/remotes/main [1ms]
2024-10-26 14:56:37.937 [info] > git status -z -uall [4ms]
2024-10-26 14:56:37.937 [info] > git for-each-ref --sort -committerdate --format %(refname) %(objectname) %(*objectname) [1ms]
2024-10-26 14:56:42.954 [info] > git config --get commit.template [5ms]
2024-10-26 14:56:42.954 [info] > git for-each-ref --format=%(refname)%00%(upstream:short)%00%(objectname)%00%(upstream:track)%00%(upstream:remotename)%00%(upstream:remoteref) refs/heads/main refs/remotes/main [1ms]
2024-10-26 14:56:42.963 [info] > git status -z -uall [4ms]
2024-10-26 14:56:42.964 [info] > git for-each-ref --sort -committerdate --format %(refname) %(objectname) %(*objectname) [1ms]
2024-10-26 14:56:44.222 [info] > git show --textconv :pages/info.html [5ms]
2024-10-26 14:56:44.223 [info] > git ls-files --stage -- /home/alex/programming/personal_blog/pages/info.html [1ms]
2024-10-26 14:56:44.228 [info] > git cat-file -s a2b4f54617e2f6cd8b2f6cdabcef8ba176ebd34d [1ms]
2024-10-26 14:56:46.883 [info] > git show --textconv :index.html [5ms]
2024-10-26 14:56:46.884 [info] > git ls-files --stage -- /home/alex/programming/personal_blog/index.html [1ms]
2024-10-26 14:56:46.889 [info] > git cat-file -s 4c657a21d4f589f03961ebd4db57cd26df320be6 [1ms]
2024-10-26 14:57:12.137 [info] > git config --get commit.template [5ms]
2024-10-26 14:57:12.138 [info] > git for-each-ref --format=%(refname)%00%(upstream:short)%00%(objectname)%00%(upstream:track)%00%(upstream:remotename)%00%(upstream:remoteref) refs/heads/main refs/remotes/main [1ms]
2024-10-26 14:57:12.149 [info] > git status -z -uall [6ms]
2024-10-26 14:57:12.149 [info] > git for-each-ref --sort -committerdate --format %(refname) %(objectname) %(*objectname) [1ms]
2024-10-26 14:58:33.089 [info] > git config --get commit.template [1ms]
2024-10-26 14:58:33.095 [info] > git for-each-ref --format=%(refname)%00%(upstream:short)%00%(objectname)%00%(upstream:track)%00%(upstream:remotename)%00%(upstream:remoteref) refs/heads/main refs/remotes/main [1ms]
2024-10-26 14:58:33.105 [info] > git status -z -uall [5ms]
2024-10-26 14:58:33.105 [info] > git for-each-ref --sort -committerdate --format %(refname) %(objectname) %(*objectname) [1ms]
2024-10-26 14:58:59.823 [info] > git config --get commit.template [6ms]
2024-10-26 14:58:59.823 [info] > git for-each-ref --format=%(refname)%00%(upstream:short)%00%(objectname)%00%(upstream:track)%00%(upstream:remotename)%00%(upstream:remoteref) refs/heads/main refs/remotes/main [1ms]
2024-10-26 14:58:59.833 [info] > git status -z -uall [5ms]
2024-10-26 14:58:59.834 [info] > git for-each-ref --sort -committerdate --format %(refname) %(objectname) %(*objectname) [1ms]
2024-10-26 15:03:27.798 [info] > git config --get commit.template [7ms]
2024-10-26 15:03:27.804 [info] > git ls-files --stage -- /home/alex/programming/personal_blog/index.html [6ms]
2024-10-26 15:03:27.810 [info] > git for-each-ref --format=%(refname)%00%(upstream:short)%00%(objectname)%00%(upstream:track)%00%(upstream:remotename)%00%(upstream:remoteref) refs/heads/main refs/remotes/main [5ms]
2024-10-26 15:03:27.820 [info] > git status -z -uall [5ms]
2024-10-26 15:03:27.820 [info] > git cat-file -s f12e1e37b4e3b8f5ccde353c457abde5f24aee01 [11ms]
2024-10-26 15:03:27.821 [info] > git for-each-ref --sort -committerdate --format %(refname) %(objectname) %(*objectname) [1ms]
2024-10-26 15:03:27.836 [info] > git merge-base refs/heads/main refs/remotes/origin/main [7ms]
2024-10-26 15:03:27.841 [info] > git show --textconv :index.html [6ms]
2024-10-26 15:03:27.842 [info] > git diff --name-status -z --diff-filter=ADMR 9594696470cad372e3f1d9b60de2548f9da2bedc...refs/remotes/origin/main [1ms]
2024-10-26 15:03:32.845 [info] > git config --get commit.template [5ms]
2024-10-26 15:03:32.846 [info] > git for-each-ref --format=%(refname)%00%(upstream:short)%00%(objectname)%00%(upstream:track)%00%(upstream:remotename)%00%(upstream:remoteref) refs/heads/main refs/remotes/main [1ms]
2024-10-26 15:03:32.856 [info] > git status -z -uall [5ms]
2024-10-26 15:03:32.856 [info] > git for-each-ref --sort -committerdate --format %(refname) %(objectname) %(*objectname) [1ms]
