2024-10-19 20:30:56.824 [info] Extension host with pid 3311 started
2024-10-19 20:30:56.954 [info] ExtensionService#_doActivateExtension vscode.emmet, startup: false, activationEvent: 'onLanguage'
2024-10-19 20:30:56.966 [info] ExtensionService#_doActivateExtension vscode.configuration-editing, startup: false, activationEvent: 'onLanguage:jsonc'
2024-10-19 20:30:56.975 [info] ExtensionService#_doActivateExtension vscode.json-language-features, startup: false, activationEvent: 'onLanguage:jsonc'
2024-10-19 20:30:57.024 [info] ExtensionService#_doActivateExtension vscode.typescript-language-features, startup: false, activationEvent: 'onLanguage:jsonc'
2024-10-19 20:30:57.271 [info] ExtensionService#_doActivateExtension vscode.git-base, startup: true, activationEvent: '*', root cause: vscode.git
2024-10-19 20:30:57.304 [info] ExtensionService#_doActivateExtension vscode.git, startup: true, activationEvent: '*'
2024-10-19 20:30:57.352 [info] ExtensionService#_doActivateExtension vscode.github, startup: true, activationEvent: '*'
2024-10-19 20:30:57.397 [info] Eager extensions activated
2024-10-19 20:30:57.415 [info] ExtensionService#_doActivateExtension vscode.debug-auto-launch, startup: false, activationEvent: 'onStartupFinished'
2024-10-19 20:30:57.417 [info] ExtensionService#_doActivateExtension vscode.merge-conflict, startup: false, activationEvent: 'onStartupFinished'
2024-10-19 20:30:57.431 [info] ExtensionService#_doActivateExtension Catppuccin.catppuccin-vsc, startup: false, activationEvent: 'onStartupFinished'
2024-10-19 20:30:57.435 [info] ExtensionService#_doActivateExtension Catppuccin.catppuccin-vsc-icons, startup: false, activationEvent: 'onStartupFinished'
2024-10-19 20:30:57.549 [error] CodeExpectedError: Unable to write into user settings. Please open the user settings to correct errors/warnings in it and try again.
    at Bit.y (vscode-file://vscode-app/usr/lib/code/out/vs/workbench/workbench.desktop.main.js:3072:11660)
    at Bit.o (vscode-file://vscode-app/usr/lib/code/out/vs/workbench/workbench.desktop.main.js:3072:9128)
    at Bit.n (vscode-file://vscode-app/usr/lib/code/out/vs/workbench/workbench.desktop.main.js:3072:9019)
    at async Object.factory (vscode-file://vscode-app/usr/lib/code/out/vs/workbench/workbench.desktop.main.js:3072:8769)
2024-10-19 20:31:40.029 [info] Extension host terminating: renderer closed the MessagePort
2024-10-19 20:31:40.035 [info] Extension host with pid 3311 exiting with code 0
