2024-10-26 19:25:39.628 [info] Added views:outline in workbench.view.explorer
2024-10-26 19:25:39.628 [info] Added views:workbench.view.search in workbench.view.search
2024-10-26 19:25:39.628 [info] Added views:workbench.scm in workbench.view.scm
2024-10-26 19:25:39.628 [info] Added views:workbench.panel.markers.view in workbench.panel.markers
2024-10-26 19:25:39.628 [info] Added views:workbench.panel.output in workbench.panel.output
2024-10-26 19:25:39.628 [info] Added views:terminal in terminal
2024-10-26 19:25:39.628 [info] Added views:timeline in workbench.view.explorer
2024-10-26 19:25:39.628 [info] Added views:workbench.explorer.fileView in workbench.view.explorer
2024-10-26 19:25:39.771 [info] Added views:workbench.debug.welcome in workbench.view.debug
2024-10-26 19:25:40.195 [info] Added views:workbench.panel.repl.view in workbench.panel.repl
2024-10-26 19:25:40.368 [info] Added views:~remote.forwardedPorts in ~remote.forwardedPortsContainer
2024-10-26 19:25:40.851 [info] Added views:workbench.scm.history in workbench.view.scm
2024-10-26 19:40:11.514 [info] Added views:workbench.views.extensions.installed,workbench.views.extensions.popular,extensions.recommendedList in workbench.view.extensions
2024-10-26 19:40:11.517 [info] Removed views:workbench.views.extensions.popular from workbench.view.extensions
2024-10-26 19:40:16.943 [info] Removed views:extensions.recommendedList,workbench.views.extensions.installed from workbench.view.extensions
2024-10-26 19:40:16.949 [info] Added views:workbench.views.extensions.marketplace in workbench.view.extensions
2024-10-26 19:40:52.529 [info] Removed views:workbench.scm.history from workbench.view.scm
2024-10-26 19:40:52.730 [info] Removed views:workbench.panel.repl.view from workbench.panel.repl
2024-10-26 19:40:52.925 [info] Added views:workbench.panel.repl.view in workbench.panel.repl
2024-10-26 19:40:53.268 [info] Added views:workbench.scm.history in workbench.view.scm
2024-10-26 20:07:14.221 [info] Removed views:workbench.views.extensions.marketplace from workbench.view.extensions
2024-10-26 20:07:14.231 [info] Added views:workbench.views.extensions.installed,extensions.recommendedList in workbench.view.extensions
2024-10-26 20:07:15.955 [info] Removed views:extensions.recommendedList,workbench.views.extensions.installed from workbench.view.extensions
2024-10-26 20:07:15.959 [info] Added views:workbench.views.extensions.marketplace in workbench.view.extensions
2024-10-26 22:52:06.405 [info] Removed views:workbench.scm.history from workbench.view.scm
2024-10-26 22:52:42.102 [info] Added views:workbench.scm.history in workbench.view.scm
2024-10-26 22:54:47.361 [info] Removed views:workbench.scm.history from workbench.view.scm
