2024-10-28 20:40:52.465 [info] [main] Log level: Info
2024-10-28 20:40:52.465 [info] [main] Validating found git in: "git"
2024-10-28 20:40:52.465 [info] [main] Using git "2.47.0" from "git"
2024-10-28 20:40:52.465 [info] [Model][doInitialScan] Initial repository scan started
2024-10-28 20:40:52.465 [info] > git rev-parse --show-toplevel [5ms]
2024-10-28 20:40:52.465 [info] > git rev-parse --git-dir --git-common-dir [137ms]
2024-10-28 20:40:52.465 [info] [Model][openRepository] Opened repository: /home/alex/programming/github_blog
2024-10-28 20:40:52.465 [info] > git rev-parse --show-toplevel [6ms]
2024-10-28 20:40:52.465 [info] > git config --get commit.template [10ms]
2024-10-28 20:40:52.479 [info] > git for-each-ref --format=%(refname)%00%(upstream:short)%00%(objectname)%00%(upstream:track)%00%(upstream:remotename)%00%(upstream:remoteref) refs/heads/main refs/remotes/main [3ms]
2024-10-28 20:40:52.480 [info] > git rev-parse --show-toplevel [9ms]
2024-10-28 20:40:52.585 [info] > git rev-parse --show-toplevel [12ms]
2024-10-28 20:40:52.613 [info] > git status -z -uall [15ms]
2024-10-28 20:40:52.613 [info] > git rev-parse --show-toplevel [22ms]
2024-10-28 20:40:52.614 [info] [Model][doInitialScan] Initial repository scan completed - repositories (1), closed repositories (0), parent repositories (0), unsafe repositories (0)
2024-10-28 20:40:52.625 [info] > git for-each-ref --sort -committerdate --format %(refname) %(objectname) %(*objectname) [21ms]
2024-10-28 20:40:52.645 [info] > git for-each-ref --format=%(refname)%00%(upstream:short)%00%(objectname)%00%(upstream:track)%00%(upstream:remotename)%00%(upstream:remoteref) refs/heads/main refs/remotes/main [9ms]
2024-10-28 20:40:52.653 [info] > git config --local branch.main.vscode-merge-base [2ms]
2024-10-28 20:40:52.653 [warning] [Git][config] git config failed: Failed to execute git
2024-10-28 20:40:52.659 [info] > git config --get commit.template [15ms]
2024-10-28 20:40:52.688 [info] > git reflog main --grep-reflog=branch: Created from *. [30ms]
2024-10-28 20:40:52.696 [info] > git symbolic-ref --short refs/remotes/origin/HEAD [3ms]
2024-10-28 20:40:52.696 [info] fatal: ref refs/remotes/origin/HEAD is not a symbolic ref
2024-10-28 20:40:52.696 [warning] [Repository][getDefaultBranch] Failed to get default branch details: Failed to execute git.
2024-10-28 20:40:52.704 [info] > git for-each-ref --format=%(refname)%00%(upstream:short)%00%(objectname)%00%(upstream:track)%00%(upstream:remotename)%00%(upstream:remoteref) refs/heads/main refs/remotes/main [17ms]
2024-10-28 20:40:52.705 [info] > git merge-base refs/heads/main refs/remotes/origin/main [3ms]
2024-10-28 20:40:52.712 [info] > git diff --name-status -z --diff-filter=ADMR 4249223cb7c5feae9bdaf1d8b799b038286b1d5e...refs/remotes/origin/main [2ms]
2024-10-28 20:40:52.726 [info] > git status -z -uall [7ms]
2024-10-28 20:40:52.730 [info] > git for-each-ref --sort -committerdate --format %(refname) %(objectname) %(*objectname) [5ms]
2024-10-28 20:40:52.970 [info] > git check-ignore -v -z --stdin [1ms]
2024-10-28 20:40:53.048 [info] > git show --textconv :.gitignore [6ms]
2024-10-28 20:40:53.049 [info] > git ls-files --stage -- /home/alex/programming/github_blog/.gitignore [1ms]
2024-10-28 20:40:53.056 [info] > git cat-file -s 2ca868298ced3ff66aa1a7a42a23c3360d11ef41 [1ms]
2024-10-28 20:42:00.016 [info] > git check-ignore -v -z --stdin [1ms]
2024-10-28 20:42:00.454 [info] > git config --get commit.template [1ms]
2024-10-28 20:42:00.463 [info] > git for-each-ref --format=%(refname)%00%(upstream:short)%00%(objectname)%00%(upstream:track)%00%(upstream:remotename)%00%(upstream:remoteref) refs/heads/main refs/remotes/main [1ms]
2024-10-28 20:42:00.478 [info] > git status -z -uall [7ms]
2024-10-28 20:42:00.479 [info] > git for-each-ref --sort -committerdate --format %(refname) %(objectname) %(*objectname) [1ms]
2024-10-28 20:42:05.024 [info] > git show --textconv :index.md [25ms]
2024-10-28 20:42:05.026 [info] > git ls-files --stage -- /home/alex/programming/github_blog/index.md [3ms]
2024-10-28 20:42:05.040 [info] > git cat-file -s 5d4c4b6e1c43d8dc2e92a8e57c0cf824e20142bf [4ms]
2024-10-28 20:51:21.024 [info] > git config --get commit.template [1ms]
2024-10-28 20:51:21.031 [info] > git for-each-ref --format=%(refname)%00%(upstream:short)%00%(objectname)%00%(upstream:track)%00%(upstream:remotename)%00%(upstream:remoteref) refs/heads/main refs/remotes/main [2ms]
2024-10-28 20:51:21.043 [info] > git status -z -uall [6ms]
2024-10-28 20:51:21.044 [info] > git for-each-ref --sort -committerdate --format %(refname) %(objectname) %(*objectname) [1ms]
2024-10-28 20:51:24.164 [info] > git check-ignore -v -z --stdin [1ms]
2024-10-28 20:51:32.622 [info] > git config --get commit.template [7ms]
2024-10-28 20:51:32.623 [info] > git for-each-ref --format=%(refname)%00%(upstream:short)%00%(objectname)%00%(upstream:track)%00%(upstream:remotename)%00%(upstream:remoteref) refs/heads/main refs/remotes/main [1ms]
2024-10-28 20:51:32.635 [info] > git status -z -uall [6ms]
2024-10-28 20:51:32.636 [info] > git for-each-ref --sort -committerdate --format %(refname) %(objectname) %(*objectname) [2ms]
2024-10-28 20:51:44.590 [info] > git show --textconv :about.md [7ms]
2024-10-28 20:51:44.591 [info] > git ls-files --stage -- /home/alex/programming/github_blog/about.md [2ms]
2024-10-28 20:51:44.598 [info] > git cat-file -s 175be2ea64ba5897e55b1ac61fbdc81637583ff2 [1ms]
2024-10-28 20:51:44.852 [info] > git check-ignore -v -z --stdin [2ms]
2024-10-28 20:51:45.395 [info] > git config --get commit.template [7ms]
2024-10-28 20:51:45.396 [info] > git for-each-ref --format=%(refname)%00%(upstream:short)%00%(objectname)%00%(upstream:track)%00%(upstream:remotename)%00%(upstream:remoteref) refs/heads/main refs/remotes/main [1ms]
2024-10-28 20:51:45.407 [info] > git status -z -uall [6ms]
2024-10-28 20:51:45.408 [info] > git for-each-ref --sort -committerdate --format %(refname) %(objectname) %(*objectname) [1ms]
2024-10-28 20:52:07.295 [info] > git show --textconv :blogs.md [8ms]
2024-10-28 20:52:07.295 [info] > git ls-files --stage -- /home/alex/programming/github_blog/blogs.md [2ms]
2024-10-28 20:52:07.567 [info] > git check-ignore -v -z --stdin [1ms]
2024-10-28 20:52:08.104 [info] > git config --get commit.template [6ms]
2024-10-28 20:52:08.105 [info] > git for-each-ref --format=%(refname)%00%(upstream:short)%00%(objectname)%00%(upstream:track)%00%(upstream:remotename)%00%(upstream:remoteref) refs/heads/main refs/remotes/main [2ms]
2024-10-28 20:52:08.115 [info] > git status -z -uall [5ms]
2024-10-28 20:52:08.115 [info] > git for-each-ref --sort -committerdate --format %(refname) %(objectname) %(*objectname) [1ms]
2024-10-28 20:52:12.140 [info] > git show --textconv :about.md [6ms]
2024-10-28 20:52:12.141 [info] > git ls-files --stage -- /home/alex/programming/github_blog/about.md [2ms]
2024-10-28 20:52:12.147 [info] > git cat-file -s 175be2ea64ba5897e55b1ac61fbdc81637583ff2 [2ms]
2024-10-28 20:52:12.761 [info] > git show --textconv :index.md [6ms]
2024-10-28 20:52:12.761 [info] > git ls-files --stage -- /home/alex/programming/github_blog/index.md [1ms]
2024-10-28 20:52:12.767 [info] > git cat-file -s 5d4c4b6e1c43d8dc2e92a8e57c0cf824e20142bf [1ms]
2024-10-28 20:52:13.343 [info] > git show --textconv :.gitignore [8ms]
2024-10-28 20:52:13.344 [info] > git ls-files --stage -- /home/alex/programming/github_blog/.gitignore [1ms]
2024-10-28 20:52:13.352 [info] > git cat-file -s 2ca868298ced3ff66aa1a7a42a23c3360d11ef41 [2ms]
2024-10-28 20:52:14.125 [info] > git show --textconv :index.md [8ms]
2024-10-28 20:52:14.126 [info] > git ls-files --stage -- /home/alex/programming/github_blog/index.md [2ms]
2024-10-28 20:52:14.133 [info] > git cat-file -s 5d4c4b6e1c43d8dc2e92a8e57c0cf824e20142bf [2ms]
2024-10-28 20:52:17.593 [info] > git show --textconv :about.md [7ms]
2024-10-28 20:52:17.594 [info] > git ls-files --stage -- /home/alex/programming/github_blog/about.md [1ms]
2024-10-28 20:52:17.602 [info] > git cat-file -s 175be2ea64ba5897e55b1ac61fbdc81637583ff2 [2ms]
2024-10-28 20:52:19.135 [info] > git show --textconv :blogs.md [7ms]
2024-10-28 20:52:19.136 [info] > git ls-files --stage -- /home/alex/programming/github_blog/blogs.md [2ms]
2024-10-28 20:52:21.686 [info] > git show --textconv :about.md [7ms]
2024-10-28 20:52:21.687 [info] > git ls-files --stage -- /home/alex/programming/github_blog/about.md [1ms]
2024-10-28 20:52:21.695 [info] > git cat-file -s 175be2ea64ba5897e55b1ac61fbdc81637583ff2 [1ms]
2024-10-28 20:52:22.520 [info] > git show --textconv :index.md [7ms]
2024-10-28 20:52:22.521 [info] > git ls-files --stage -- /home/alex/programming/github_blog/index.md [1ms]
2024-10-28 20:52:22.529 [info] > git cat-file -s 5d4c4b6e1c43d8dc2e92a8e57c0cf824e20142bf [2ms]
2024-10-28 20:52:23.202 [info] > git show --textconv :about.md [8ms]
2024-10-28 20:52:23.203 [info] > git ls-files --stage -- /home/alex/programming/github_blog/about.md [2ms]
2024-10-28 20:52:23.210 [info] > git cat-file -s 175be2ea64ba5897e55b1ac61fbdc81637583ff2 [1ms]
2024-10-28 20:52:23.736 [info] > git show --textconv :blogs.md [8ms]
2024-10-28 20:52:23.737 [info] > git ls-files --stage -- /home/alex/programming/github_blog/blogs.md [2ms]
2024-10-28 20:52:38.038 [info] > git config --get commit.template [5ms]
2024-10-28 20:52:38.039 [info] > git for-each-ref --format=%(refname)%00%(upstream:short)%00%(objectname)%00%(upstream:track)%00%(upstream:remotename)%00%(upstream:remoteref) refs/heads/main refs/remotes/main [1ms]
2024-10-28 20:52:38.049 [info] > git status -z -uall [5ms]
2024-10-28 20:52:38.050 [info] > git for-each-ref --sort -committerdate --format %(refname) %(objectname) %(*objectname) [1ms]
2024-10-28 20:52:38.365 [info] > git show --textconv :about.md [6ms]
2024-10-28 20:52:38.365 [info] > git ls-files --stage -- /home/alex/programming/github_blog/about.md [1ms]
2024-10-28 20:52:38.371 [info] > git cat-file -s 175be2ea64ba5897e55b1ac61fbdc81637583ff2 [1ms]
2024-10-28 20:52:52.724 [info] > git config --get commit.template [6ms]
2024-10-28 20:52:52.725 [info] > git for-each-ref --format=%(refname)%00%(upstream:short)%00%(objectname)%00%(upstream:track)%00%(upstream:remotename)%00%(upstream:remoteref) refs/heads/main refs/remotes/main [1ms]
2024-10-28 20:52:52.738 [info] > git status -z -uall [6ms]
2024-10-28 20:52:52.738 [info] > git for-each-ref --sort -committerdate --format %(refname) %(objectname) %(*objectname) [2ms]
2024-10-28 20:52:57.753 [info] > git config --get commit.template [1ms]
2024-10-28 20:52:57.761 [info] > git for-each-ref --format=%(refname)%00%(upstream:short)%00%(objectname)%00%(upstream:track)%00%(upstream:remotename)%00%(upstream:remoteref) refs/heads/main refs/remotes/main [1ms]
2024-10-28 20:52:57.776 [info] > git status -z -uall [8ms]
2024-10-28 20:52:57.777 [info] > git for-each-ref --sort -committerdate --format %(refname) %(objectname) %(*objectname) [2ms]
2024-10-28 20:53:01.082 [info] > git show --textconv :_config.yml [6ms]
2024-10-28 20:53:01.083 [info] > git ls-files --stage -- /home/alex/programming/github_blog/_config.yml [1ms]
2024-10-28 20:53:01.088 [info] > git cat-file -s 457d1845b8294144d7b28c54c7d5d02df9b8f29c [1ms]
2024-10-28 20:53:25.674 [info] > git config --get commit.template [6ms]
2024-10-28 20:53:25.674 [info] > git for-each-ref --format=%(refname)%00%(upstream:short)%00%(objectname)%00%(upstream:track)%00%(upstream:remotename)%00%(upstream:remoteref) refs/heads/main refs/remotes/main [1ms]
2024-10-28 20:53:25.685 [info] > git status -z -uall [6ms]
2024-10-28 20:53:25.686 [info] > git for-each-ref --sort -committerdate --format %(refname) %(objectname) %(*objectname) [1ms]
2024-10-28 20:55:11.399 [info] > git config --get commit.template [6ms]
2024-10-28 20:55:11.400 [info] > git for-each-ref --format=%(refname)%00%(upstream:short)%00%(objectname)%00%(upstream:track)%00%(upstream:remotename)%00%(upstream:remoteref) refs/heads/main refs/remotes/main [1ms]
2024-10-28 20:55:11.412 [info] > git status -z -uall [7ms]
2024-10-28 20:55:11.412 [info] > git for-each-ref --sort -committerdate --format %(refname) %(objectname) %(*objectname) [1ms]
2024-10-28 20:55:40.195 [info] > git config --get commit.template [6ms]
2024-10-28 20:55:40.195 [info] > git for-each-ref --format=%(refname)%00%(upstream:short)%00%(objectname)%00%(upstream:track)%00%(upstream:remotename)%00%(upstream:remoteref) refs/heads/main refs/remotes/main [1ms]
2024-10-28 20:55:40.208 [info] > git status -z -uall [6ms]
2024-10-28 20:55:40.209 [info] > git for-each-ref --sort -committerdate --format %(refname) %(objectname) %(*objectname) [1ms]
2024-10-28 20:55:47.994 [info] > git show --textconv :index.md [7ms]
2024-10-28 20:55:47.995 [info] > git ls-files --stage -- /home/alex/programming/github_blog/index.md [1ms]
2024-10-28 20:55:48.002 [info] > git cat-file -s 5d4c4b6e1c43d8dc2e92a8e57c0cf824e20142bf [1ms]
2024-10-28 20:55:51.833 [info] > git config --get commit.template [6ms]
2024-10-28 20:55:51.834 [info] > git for-each-ref --format=%(refname)%00%(upstream:short)%00%(objectname)%00%(upstream:track)%00%(upstream:remotename)%00%(upstream:remoteref) refs/heads/main refs/remotes/main [1ms]
2024-10-28 20:55:51.846 [info] > git status -z -uall [6ms]
2024-10-28 20:55:51.847 [info] > git for-each-ref --sort -committerdate --format %(refname) %(objectname) %(*objectname) [2ms]
2024-10-28 20:55:56.437 [info] > git show --textconv :about.md [5ms]
2024-10-28 20:55:56.438 [info] > git ls-files --stage -- /home/alex/programming/github_blog/about.md [1ms]
2024-10-28 20:55:56.443 [info] > git cat-file -s 175be2ea64ba5897e55b1ac61fbdc81637583ff2 [1ms]
2024-10-28 20:56:53.687 [info] > git config --get commit.template [6ms]
2024-10-28 20:56:53.688 [info] > git for-each-ref --format=%(refname)%00%(upstream:short)%00%(objectname)%00%(upstream:track)%00%(upstream:remotename)%00%(upstream:remoteref) refs/heads/main refs/remotes/main [1ms]
2024-10-28 20:56:53.702 [info] > git status -z -uall [7ms]
2024-10-28 20:56:53.703 [info] > git for-each-ref --sort -committerdate --format %(refname) %(objectname) %(*objectname) [2ms]
2024-10-28 20:56:59.801 [info] > git config --get commit.template [8ms]
2024-10-28 20:56:59.801 [info] > git for-each-ref --format=%(refname)%00%(upstream:short)%00%(objectname)%00%(upstream:track)%00%(upstream:remotename)%00%(upstream:remoteref) refs/heads/main refs/remotes/main [1ms]
2024-10-28 20:56:59.815 [info] > git status -z -uall [7ms]
2024-10-28 20:56:59.816 [info] > git for-each-ref --sort -committerdate --format %(refname) %(objectname) %(*objectname) [1ms]
2024-10-28 20:57:05.817 [info] > git show --textconv :_config.yml [7ms]
2024-10-28 20:57:05.818 [info] > git ls-files --stage -- /home/alex/programming/github_blog/_config.yml [2ms]
2024-10-28 20:57:05.824 [info] > git cat-file -s 457d1845b8294144d7b28c54c7d5d02df9b8f29c [1ms]
2024-10-28 20:57:07.105 [info] > git show --textconv :blogs.md [7ms]
2024-10-28 20:57:07.106 [info] > git ls-files --stage -- /home/alex/programming/github_blog/blogs.md [1ms]
2024-10-28 20:57:24.398 [info] > git check-ignore -v -z --stdin [1ms]
2024-10-28 20:57:24.968 [info] > git config --get commit.template [7ms]
2024-10-28 20:57:24.968 [info] > git for-each-ref --format=%(refname)%00%(upstream:short)%00%(objectname)%00%(upstream:track)%00%(upstream:remotename)%00%(upstream:remoteref) refs/heads/main refs/remotes/main [1ms]
2024-10-28 20:57:24.982 [info] > git status -z -uall [7ms]
2024-10-28 20:57:24.983 [info] > git for-each-ref --sort -committerdate --format %(refname) %(objectname) %(*objectname) [1ms]
2024-10-28 20:58:49.190 [info] > git show --textconv :_posts/2024-10-27-pipewire-config.markdown [6ms]
2024-10-28 20:58:49.191 [info] > git ls-files --stage -- /home/alex/programming/github_blog/_posts/2024-10-27-pipewire-config.markdown [2ms]
2024-10-28 20:58:49.465 [info] > git check-ignore -v -z --stdin [1ms]
2024-10-28 20:58:50.006 [info] > git config --get commit.template [7ms]
2024-10-28 20:58:50.007 [info] > git for-each-ref --format=%(refname)%00%(upstream:short)%00%(objectname)%00%(upstream:track)%00%(upstream:remotename)%00%(upstream:remoteref) refs/heads/main refs/remotes/main [1ms]
2024-10-28 20:58:50.020 [info] > git status -z -uall [6ms]
2024-10-28 20:58:50.021 [info] > git for-each-ref --sort -committerdate --format %(refname) %(objectname) %(*objectname) [1ms]
2024-10-28 21:00:37.909 [info] > git config --get commit.template [6ms]
2024-10-28 21:00:37.910 [info] > git for-each-ref --format=%(refname)%00%(upstream:short)%00%(objectname)%00%(upstream:track)%00%(upstream:remotename)%00%(upstream:remoteref) refs/heads/main refs/remotes/main [1ms]
2024-10-28 21:00:37.922 [info] > git status -z -uall [6ms]
2024-10-28 21:00:37.923 [info] > git for-each-ref --sort -committerdate --format %(refname) %(objectname) %(*objectname) [2ms]
2024-10-28 21:00:42.939 [info] > git config --get commit.template [6ms]
2024-10-28 21:00:42.939 [info] > git for-each-ref --format=%(refname)%00%(upstream:short)%00%(objectname)%00%(upstream:track)%00%(upstream:remotename)%00%(upstream:remoteref) refs/heads/main refs/remotes/main [1ms]
2024-10-28 21:00:42.954 [info] > git status -z -uall [9ms]
2024-10-28 21:00:42.957 [info] > git for-each-ref --sort -committerdate --format %(refname) %(objectname) %(*objectname) [3ms]
2024-10-28 21:01:31.985 [info] > git config --get commit.template [11ms]
2024-10-28 21:01:31.995 [info] > git ls-files --stage -- /home/alex/programming/github_blog/_posts/2024-10-27-pipewire-config.markdown [10ms]
2024-10-28 21:01:32.004 [info] > git for-each-ref --format=%(refname)%00%(upstream:short)%00%(objectname)%00%(upstream:track)%00%(upstream:remotename)%00%(upstream:remoteref) refs/heads/main refs/remotes/main [9ms]
2024-10-28 21:01:32.004 [info] > git cat-file -s 6780a5dfaf9fd3a81b8d32cd68400bce75b23922 [1ms]
2024-10-28 21:01:32.020 [info] > git status -z -uall [7ms]
2024-10-28 21:01:32.029 [info] > git for-each-ref --sort -committerdate --format %(refname) %(objectname) %(*objectname) [10ms]
2024-10-28 21:01:32.043 [info] > git show --textconv :_posts/2024-10-27-pipewire-config.markdown [14ms]
2024-10-28 21:01:32.044 [info] > git merge-base refs/heads/main refs/remotes/origin/main [3ms]
2024-10-28 21:01:32.053 [info] > git diff --name-status -z --diff-filter=ADMR fbceefceec7fe7eb2b09c65c41707f2da910deb8...refs/remotes/origin/main [1ms]
2024-10-28 21:01:36.918 [info] > git check-ignore -v -z --stdin [1ms]
2024-10-28 21:01:37.058 [info] > git config --get commit.template [8ms]
2024-10-28 21:01:37.059 [info] > git for-each-ref --format=%(refname)%00%(upstream:short)%00%(objectname)%00%(upstream:track)%00%(upstream:remotename)%00%(upstream:remoteref) refs/heads/main refs/remotes/main [2ms]
2024-10-28 21:01:37.073 [info] > git status -z -uall [7ms]
2024-10-28 21:01:37.074 [info] > git for-each-ref --sort -committerdate --format %(refname) %(objectname) %(*objectname) [2ms]
2024-10-28 21:01:38.011 [info] > git show --textconv :_sass/base.scss [9ms]
2024-10-28 21:01:38.012 [info] > git ls-files --stage -- /home/alex/programming/github_blog/_sass/base.scss [2ms]
2024-10-28 21:01:38.021 [info] > git cat-file -s 8f59cd1a8da13343daca9522aae656ba69997a0e [2ms]
2024-10-28 21:01:51.290 [info] > git config --get commit.template [8ms]
2024-10-28 21:01:51.291 [info] > git for-each-ref --format=%(refname)%00%(upstream:short)%00%(objectname)%00%(upstream:track)%00%(upstream:remotename)%00%(upstream:remoteref) refs/heads/main refs/remotes/main [1ms]
2024-10-28 21:01:51.304 [info] > git status -z -uall [7ms]
2024-10-28 21:01:51.304 [info] > git for-each-ref --sort -committerdate --format %(refname) %(objectname) %(*objectname) [1ms]
2024-10-28 21:02:05.728 [info] > git for-each-ref --format=%(refname)%00%(upstream:short)%00%(objectname)%00%(upstream:track)%00%(upstream:remotename)%00%(upstream:remoteref) refs/heads/main refs/remotes/main [2ms]
2024-10-28 21:02:05.728 [info] > git config --get commit.template [8ms]
2024-10-28 21:02:05.741 [info] > git status -z -uall [6ms]
2024-10-28 21:02:05.742 [info] > git for-each-ref --sort -committerdate --format %(refname) %(objectname) %(*objectname) [1ms]
2024-10-28 21:02:42.225 [info] > git show --textconv :index.md [7ms]
2024-10-28 21:02:42.226 [info] > git ls-files --stage -- /home/alex/programming/github_blog/index.md [2ms]
2024-10-28 21:02:42.233 [info] > git cat-file -s 29030f1f86ab883ea8957fd32be7eab8b7956049 [1ms]
2024-10-28 21:02:45.635 [info] > git show --textconv :about.md [7ms]
2024-10-28 21:02:45.636 [info] > git ls-files --stage -- /home/alex/programming/github_blog/about.md [2ms]
2024-10-28 21:02:45.643 [info] > git cat-file -s f17f5cf4f443fd025407c620a05eb1750d99f6e8 [2ms]
2024-10-28 21:02:50.210 [info] > git show --textconv :index.md [7ms]
2024-10-28 21:02:50.211 [info] > git ls-files --stage -- /home/alex/programming/github_blog/index.md [2ms]
2024-10-28 21:02:50.218 [info] > git cat-file -s 29030f1f86ab883ea8957fd32be7eab8b7956049 [2ms]
2024-10-28 21:02:51.186 [info] > git show --textconv :about.md [7ms]
2024-10-28 21:02:51.187 [info] > git ls-files --stage -- /home/alex/programming/github_blog/about.md [2ms]
2024-10-28 21:02:51.194 [info] > git cat-file -s f17f5cf4f443fd025407c620a05eb1750d99f6e8 [1ms]
2024-10-28 21:03:02.867 [info] > git show --textconv :_config.yml [8ms]
2024-10-28 21:03:02.868 [info] > git ls-files --stage -- /home/alex/programming/github_blog/_config.yml [2ms]
2024-10-28 21:03:02.875 [info] > git cat-file -s c07da9f0e2ea2ae1ec1ed5a94caf38a934fc5a01 [2ms]
2024-10-28 21:03:05.846 [info] > git show --textconv :about.md [7ms]
2024-10-28 21:03:05.847 [info] > git ls-files --stage -- /home/alex/programming/github_blog/about.md [2ms]
2024-10-28 21:03:05.855 [info] > git cat-file -s f17f5cf4f443fd025407c620a05eb1750d99f6e8 [2ms]
2024-10-28 21:03:07.730 [info] > git show --textconv :_posts/2024-10-27-pipewire-config.markdown [6ms]
2024-10-28 21:03:07.731 [info] > git ls-files --stage -- /home/alex/programming/github_blog/_posts/2024-10-27-pipewire-config.markdown [1ms]
2024-10-28 21:03:07.737 [info] > git cat-file -s 6780a5dfaf9fd3a81b8d32cd68400bce75b23922 [1ms]
2024-10-28 21:03:21.509 [info] > git config --get commit.template [7ms]
2024-10-28 21:03:21.509 [info] > git for-each-ref --format=%(refname)%00%(upstream:short)%00%(objectname)%00%(upstream:track)%00%(upstream:remotename)%00%(upstream:remoteref) refs/heads/main refs/remotes/main [1ms]
2024-10-28 21:03:21.523 [info] > git status -z -uall [7ms]
2024-10-28 21:03:21.523 [info] > git for-each-ref --sort -committerdate --format %(refname) %(objectname) %(*objectname) [1ms]
2024-10-28 21:03:27.553 [info] > git show --textconv :_sass/base.scss [6ms]
2024-10-28 21:03:27.554 [info] > git ls-files --stage -- /home/alex/programming/github_blog/_sass/base.scss [2ms]
2024-10-28 21:03:27.560 [info] > git cat-file -s 8f59cd1a8da13343daca9522aae656ba69997a0e [1ms]
2024-10-28 21:03:28.793 [info] > git show --textconv :_posts/2024-10-27-pipewire-config.markdown [5ms]
2024-10-28 21:03:28.794 [info] > git ls-files --stage -- /home/alex/programming/github_blog/_posts/2024-10-27-pipewire-config.markdown [1ms]
2024-10-28 21:03:28.800 [info] > git cat-file -s 6780a5dfaf9fd3a81b8d32cd68400bce75b23922 [1ms]
2024-10-28 21:03:30.192 [info] > git show --textconv :about.md [7ms]
2024-10-28 21:03:30.193 [info] > git ls-files --stage -- /home/alex/programming/github_blog/about.md [2ms]
2024-10-28 21:03:30.200 [info] > git cat-file -s f17f5cf4f443fd025407c620a05eb1750d99f6e8 [2ms]
2024-10-28 21:03:37.357 [info] > git show --textconv :index.md [8ms]
2024-10-28 21:03:37.358 [info] > git ls-files --stage -- /home/alex/programming/github_blog/index.md [1ms]
2024-10-28 21:03:37.368 [info] > git cat-file -s 29030f1f86ab883ea8957fd32be7eab8b7956049 [1ms]
2024-10-28 21:03:39.741 [info] > git config --get commit.template [7ms]
2024-10-28 21:03:39.743 [info] > git for-each-ref --format=%(refname)%00%(upstream:short)%00%(objectname)%00%(upstream:track)%00%(upstream:remotename)%00%(upstream:remoteref) refs/heads/main refs/remotes/main [2ms]
2024-10-28 21:03:39.758 [info] > git status -z -uall [8ms]
2024-10-28 21:03:39.759 [info] > git for-each-ref --sort -committerdate --format %(refname) %(objectname) %(*objectname) [2ms]
2024-10-28 21:03:40.453 [info] > git show --textconv :about.md [8ms]
2024-10-28 21:03:40.453 [info] > git ls-files --stage -- /home/alex/programming/github_blog/about.md [1ms]
2024-10-28 21:03:40.462 [info] > git cat-file -s f17f5cf4f443fd025407c620a05eb1750d99f6e8 [1ms]
2024-10-28 21:06:09.996 [info] > git config --get commit.template [11ms]
2024-10-28 21:06:10.004 [info] > git ls-files --stage -- /home/alex/programming/github_blog/about.md [9ms]
2024-10-28 21:06:10.011 [info] > git for-each-ref --format=%(refname)%00%(upstream:short)%00%(objectname)%00%(upstream:track)%00%(upstream:remotename)%00%(upstream:remoteref) refs/heads/main refs/remotes/main [7ms]
2024-10-28 21:06:10.026 [info] > git status -z -uall [8ms]
2024-10-28 21:06:10.026 [info] > git cat-file -s 07deaf865081c9a928f196a1638f36900f933974 [16ms]
2024-10-28 21:06:10.027 [info] > git for-each-ref --sort -committerdate --format %(refname) %(objectname) %(*objectname) [1ms]
2024-10-28 21:06:10.050 [info] > git merge-base refs/heads/main refs/remotes/origin/main [11ms]
2024-10-28 21:06:10.059 [info] > git show --textconv :about.md [10ms]
2024-10-28 21:06:10.060 [info] > git diff --name-status -z --diff-filter=ADMR 2dfdfb149677520799448b25f9e0aea9ba4918c1...refs/remotes/origin/main [2ms]
2024-10-28 21:06:25.841 [info] > git config --get commit.template [7ms]
2024-10-28 21:06:25.842 [info] > git for-each-ref --format=%(refname)%00%(upstream:short)%00%(objectname)%00%(upstream:track)%00%(upstream:remotename)%00%(upstream:remoteref) refs/heads/main refs/remotes/main [1ms]
2024-10-28 21:06:25.855 [info] > git status -z -uall [6ms]
2024-10-28 21:06:25.856 [info] > git for-each-ref --sort -committerdate --format %(refname) %(objectname) %(*objectname) [1ms]
2024-10-28 21:06:29.201 [info] > git show --textconv :_layouts/page.html [9ms]
2024-10-28 21:06:29.201 [info] > git ls-files --stage -- /home/alex/programming/github_blog/_layouts/page.html [1ms]
2024-10-28 21:06:29.210 [info] > git cat-file -s 5e7112684af455284afbddb3a0b289ee21b8db69 [2ms]
2024-10-28 21:06:30.837 [info] > git show --textconv :_layouts/post.html [12ms]
2024-10-28 21:06:30.838 [info] > git ls-files --stage -- /home/alex/programming/github_blog/_layouts/post.html [1ms]
2024-10-28 21:06:30.850 [info] > git cat-file -s 5e7112684af455284afbddb3a0b289ee21b8db69 [2ms]
2024-10-28 21:06:38.365 [info] > git show --textconv :_layouts/default.html [7ms]
2024-10-28 21:06:38.366 [info] > git ls-files --stage -- /home/alex/programming/github_blog/_layouts/default.html [2ms]
2024-10-28 21:06:38.373 [info] > git cat-file -s 93e1f94d8769fb03c48671551252ad6cb007ed55 [1ms]
2024-10-28 21:06:39.667 [info] > git show --textconv :_layouts/page.html [6ms]
2024-10-28 21:06:39.668 [info] > git ls-files --stage -- /home/alex/programming/github_blog/_layouts/page.html [1ms]
2024-10-28 21:06:39.675 [info] > git cat-file -s 5e7112684af455284afbddb3a0b289ee21b8db69 [1ms]
2024-10-28 21:06:40.396 [info] > git show --textconv :_layouts/home.html [7ms]
2024-10-28 21:06:40.397 [info] > git ls-files --stage -- /home/alex/programming/github_blog/_layouts/home.html [1ms]
2024-10-28 21:06:40.405 [info] > git cat-file -s 9e050fec208f7fe4e5a20b7c4899c47c830caf73 [1ms]
2024-10-28 21:06:48.541 [info] > git show --textconv :index.md [6ms]
2024-10-28 21:06:48.542 [info] > git ls-files --stage -- /home/alex/programming/github_blog/index.md [2ms]
2024-10-28 21:06:48.548 [info] > git cat-file -s dd9262a445273fee45ede605ebf9aa4d333ecc94 [1ms]
2024-10-28 21:06:51.102 [info] > git show --textconv :blogs.md [7ms]
2024-10-28 21:06:51.103 [info] > git ls-files --stage -- /home/alex/programming/github_blog/blogs.md [1ms]
2024-10-28 21:06:51.110 [info] > git cat-file -s f1843a5b2946a70952f0f11f8e4e6fd7febed929 [2ms]
2024-10-28 21:06:55.328 [info] > git show --textconv :_layouts/home.html [8ms]
2024-10-28 21:06:55.328 [info] > git ls-files --stage -- /home/alex/programming/github_blog/_layouts/home.html [1ms]
2024-10-28 21:06:55.336 [info] > git cat-file -s 9e050fec208f7fe4e5a20b7c4899c47c830caf73 [1ms]
2024-10-28 21:06:56.666 [info] > git show --textconv :about.md [8ms]
2024-10-28 21:06:56.667 [info] > git ls-files --stage -- /home/alex/programming/github_blog/about.md [1ms]
2024-10-28 21:06:56.676 [info] > git cat-file -s 07deaf865081c9a928f196a1638f36900f933974 [1ms]
2024-10-28 21:07:07.805 [info] > git config --get commit.template [6ms]
2024-10-28 21:07:07.805 [info] > git for-each-ref --format=%(refname)%00%(upstream:short)%00%(objectname)%00%(upstream:track)%00%(upstream:remotename)%00%(upstream:remoteref) refs/heads/main refs/remotes/main [1ms]
2024-10-28 21:07:07.820 [info] > git status -z -uall [8ms]
2024-10-28 21:07:07.820 [info] > git for-each-ref --sort -committerdate --format %(refname) %(objectname) %(*objectname) [1ms]
2024-10-28 21:07:11.613 [info] > git show --textconv :index.md [7ms]
2024-10-28 21:07:11.613 [info] > git ls-files --stage -- /home/alex/programming/github_blog/index.md [1ms]
2024-10-28 21:07:11.621 [info] > git cat-file -s dd9262a445273fee45ede605ebf9aa4d333ecc94 [1ms]
2024-10-28 21:07:16.769 [info] > git show --textconv :about.md [8ms]
2024-10-28 21:07:16.770 [info] > git ls-files --stage -- /home/alex/programming/github_blog/about.md [1ms]
2024-10-28 21:07:16.778 [info] > git cat-file -s 07deaf865081c9a928f196a1638f36900f933974 [1ms]
2024-10-28 21:08:08.361 [info] > git check-ignore -v -z --stdin [1ms]
2024-10-28 21:08:12.050 [info] > git show --textconv :jekyll-theme-console.gemspec [8ms]
2024-10-28 21:08:12.051 [info] > git ls-files --stage -- /home/alex/programming/github_blog/jekyll-theme-console.gemspec [1ms]
2024-10-28 21:08:12.059 [info] > git cat-file -s 746fd4b0ec732b1371d30b45300d5df78ccf9be7 [2ms]
2024-10-28 21:08:13.793 [info] > git show --textconv :index.md [8ms]
2024-10-28 21:08:13.794 [info] > git ls-files --stage -- /home/alex/programming/github_blog/index.md [1ms]
2024-10-28 21:08:13.801 [info] > git cat-file -s dd9262a445273fee45ede605ebf9aa4d333ecc94 [1ms]
2024-10-28 21:08:16.814 [info] > git show --textconv :Gemfile [7ms]
2024-10-28 21:08:16.815 [info] > git ls-files --stage -- /home/alex/programming/github_blog/Gemfile [2ms]
2024-10-28 21:08:16.822 [info] > git cat-file -s 748c92f1492f4eec6f85673329623af8d4c0ed84 [1ms]
2024-10-28 21:08:19.256 [info] > git show --textconv :blogs.md [8ms]
2024-10-28 21:08:19.256 [info] > git ls-files --stage -- /home/alex/programming/github_blog/blogs.md [1ms]
2024-10-28 21:08:19.263 [info] > git cat-file -s f1843a5b2946a70952f0f11f8e4e6fd7febed929 [1ms]
2024-10-28 21:08:20.060 [info] > git show --textconv :about.md [7ms]
2024-10-28 21:08:20.061 [info] > git ls-files --stage -- /home/alex/programming/github_blog/about.md [1ms]
2024-10-28 21:08:20.068 [info] > git cat-file -s 07deaf865081c9a928f196a1638f36900f933974 [1ms]
2024-10-28 21:08:20.669 [info] > git show --textconv :404.md [8ms]
2024-10-28 21:08:20.669 [info] > git ls-files --stage -- /home/alex/programming/github_blog/404.md [1ms]
2024-10-28 21:08:20.676 [info] > git cat-file -s a47786df83b9af8c8a791f40611139cc019696e8 [1ms]
2024-10-28 21:08:22.173 [info] > git show --textconv :_config.yml [7ms]
2024-10-28 21:08:22.174 [info] > git ls-files --stage -- /home/alex/programming/github_blog/_config.yml [2ms]
2024-10-28 21:08:22.182 [info] > git cat-file -s c07da9f0e2ea2ae1ec1ed5a94caf38a934fc5a01 [1ms]
2024-10-28 21:08:23.280 [info] > git show --textconv :404.md [8ms]
2024-10-28 21:08:23.281 [info] > git ls-files --stage -- /home/alex/programming/github_blog/404.md [2ms]
2024-10-28 21:08:23.289 [info] > git cat-file -s a47786df83b9af8c8a791f40611139cc019696e8 [2ms]
2024-10-28 21:08:23.854 [info] > git show --textconv :.gitignore [8ms]
2024-10-28 21:08:23.855 [info] > git ls-files --stage -- /home/alex/programming/github_blog/.gitignore [2ms]
2024-10-28 21:08:23.863 [info] > git cat-file -s 273a8670e95c0090d00d08c04cf4120718cd858d [2ms]
2024-10-28 21:08:24.292 [info] > git show --textconv :404.md [7ms]
2024-10-28 21:08:24.293 [info] > git ls-files --stage -- /home/alex/programming/github_blog/404.md [1ms]
2024-10-28 21:08:24.300 [info] > git cat-file -s a47786df83b9af8c8a791f40611139cc019696e8 [1ms]
2024-10-28 21:08:26.969 [info] > git show --textconv :about.md [6ms]
2024-10-28 21:08:26.969 [info] > git ls-files --stage -- /home/alex/programming/github_blog/about.md [0ms]
2024-10-28 21:08:26.975 [info] > git cat-file -s 07deaf865081c9a928f196a1638f36900f933974 [1ms]
2024-10-28 21:08:27.824 [info] > git show --textconv :blogs.md [6ms]
2024-10-28 21:08:27.824 [info] > git ls-files --stage -- /home/alex/programming/github_blog/blogs.md [1ms]
2024-10-28 21:08:27.830 [info] > git cat-file -s f1843a5b2946a70952f0f11f8e4e6fd7febed929 [1ms]
2024-10-28 21:08:29.592 [info] > git show --textconv :Gemfile [8ms]
2024-10-28 21:08:29.593 [info] > git ls-files --stage -- /home/alex/programming/github_blog/Gemfile [1ms]
2024-10-28 21:08:29.600 [info] > git cat-file -s 748c92f1492f4eec6f85673329623af8d4c0ed84 [1ms]
2024-10-28 21:09:11.808 [info] > git show --textconv :blogs.md [9ms]
2024-10-28 21:09:11.808 [info] > git ls-files --stage -- /home/alex/programming/github_blog/blogs.md [1ms]
2024-10-28 21:09:11.817 [info] > git cat-file -s f1843a5b2946a70952f0f11f8e4e6fd7febed929 [2ms]
2024-10-28 21:09:13.442 [info] > git show --textconv :_config.yml [7ms]
2024-10-28 21:09:13.443 [info] > git ls-files --stage -- /home/alex/programming/github_blog/_config.yml [2ms]
2024-10-28 21:09:13.450 [info] > git cat-file -s c07da9f0e2ea2ae1ec1ed5a94caf38a934fc5a01 [1ms]
2024-10-28 21:09:34.380 [info] > git config --get commit.template [1ms]
2024-10-28 21:09:34.388 [info] > git for-each-ref --format=%(refname)%00%(upstream:short)%00%(objectname)%00%(upstream:track)%00%(upstream:remotename)%00%(upstream:remoteref) refs/heads/main refs/remotes/main [1ms]
2024-10-28 21:09:34.400 [info] > git status -z -uall [6ms]
2024-10-28 21:09:34.401 [info] > git for-each-ref --sort -committerdate --format %(refname) %(objectname) %(*objectname) [1ms]
2024-10-28 21:09:40.885 [info] > git show --textconv :blogs.md [7ms]
2024-10-28 21:09:40.886 [info] > git ls-files --stage -- /home/alex/programming/github_blog/blogs.md [1ms]
2024-10-28 21:09:40.894 [info] > git cat-file -s f1843a5b2946a70952f0f11f8e4e6fd7febed929 [1ms]
2024-10-28 21:09:41.521 [info] > git show --textconv :index.md [7ms]
2024-10-28 21:09:41.521 [info] > git ls-files --stage -- /home/alex/programming/github_blog/index.md [1ms]
2024-10-28 21:09:41.528 [info] > git cat-file -s dd9262a445273fee45ede605ebf9aa4d333ecc94 [1ms]
2024-10-28 21:09:45.726 [info] > git show --textconv :_layouts/page.html [7ms]
2024-10-28 21:09:45.726 [info] > git ls-files --stage -- /home/alex/programming/github_blog/_layouts/page.html [1ms]
2024-10-28 21:09:45.733 [info] > git cat-file -s 5e7112684af455284afbddb3a0b289ee21b8db69 [1ms]
2024-10-28 21:09:54.673 [info] > git show --textconv :_layouts/post.html [6ms]
2024-10-28 21:09:54.674 [info] > git ls-files --stage -- /home/alex/programming/github_blog/_layouts/post.html [1ms]
2024-10-28 21:09:54.681 [info] > git cat-file -s 5e7112684af455284afbddb3a0b289ee21b8db69 [1ms]
2024-10-28 21:09:55.463 [info] > git show --textconv :_layouts/page.html [5ms]
2024-10-28 21:09:55.464 [info] > git ls-files --stage -- /home/alex/programming/github_blog/_layouts/page.html [1ms]
2024-10-28 21:09:55.470 [info] > git cat-file -s 5e7112684af455284afbddb3a0b289ee21b8db69 [1ms]
2024-10-28 21:09:56.042 [info] > git show --textconv :_layouts/home.html [7ms]
2024-10-28 21:09:56.042 [info] > git ls-files --stage -- /home/alex/programming/github_blog/_layouts/home.html [1ms]
2024-10-28 21:09:56.049 [info] > git cat-file -s 9e050fec208f7fe4e5a20b7c4899c47c830caf73 [1ms]
2024-10-28 21:09:56.418 [info] > git show --textconv :_layouts/default.html [7ms]
2024-10-28 21:09:56.418 [info] > git ls-files --stage -- /home/alex/programming/github_blog/_layouts/default.html [1ms]
2024-10-28 21:09:56.425 [info] > git cat-file -s 93e1f94d8769fb03c48671551252ad6cb007ed55 [1ms]
2024-10-28 21:10:35.815 [info] > git show --textconv :index.md [6ms]
2024-10-28 21:10:35.816 [info] > git ls-files --stage -- /home/alex/programming/github_blog/index.md [1ms]
2024-10-28 21:10:35.822 [info] > git cat-file -s dd9262a445273fee45ede605ebf9aa4d333ecc94 [1ms]
2024-10-28 21:16:17.323 [info] > git show --textconv :blogs.md [6ms]
2024-10-28 21:16:17.324 [info] > git ls-files --stage -- /home/alex/programming/github_blog/blogs.md [1ms]
2024-10-28 21:16:17.331 [info] > git cat-file -s f1843a5b2946a70952f0f11f8e4e6fd7febed929 [2ms]
2024-10-28 21:16:19.079 [info] > git show --textconv :about.md [7ms]
2024-10-28 21:16:19.080 [info] > git ls-files --stage -- /home/alex/programming/github_blog/about.md [1ms]
2024-10-28 21:16:19.087 [info] > git cat-file -s 07deaf865081c9a928f196a1638f36900f933974 [2ms]
2024-10-28 21:16:21.151 [info] > git show --textconv :_layouts/default.html [7ms]
2024-10-28 21:16:21.152 [info] > git ls-files --stage -- /home/alex/programming/github_blog/_layouts/default.html [1ms]
2024-10-28 21:16:21.159 [info] > git cat-file -s 93e1f94d8769fb03c48671551252ad6cb007ed55 [1ms]
2024-10-28 21:16:22.874 [info] > git show --textconv :index.md [6ms]
2024-10-28 21:16:22.875 [info] > git ls-files --stage -- /home/alex/programming/github_blog/index.md [1ms]
2024-10-28 21:16:22.881 [info] > git cat-file -s dd9262a445273fee45ede605ebf9aa4d333ecc94 [1ms]
2024-10-28 21:16:57.223 [info] > git show --textconv :_posts/2024-10-27-pipewire-config.markdown [7ms]
2024-10-28 21:16:57.223 [info] > git ls-files --stage -- /home/alex/programming/github_blog/_posts/2024-10-27-pipewire-config.markdown [1ms]
2024-10-28 21:16:57.229 [info] > git cat-file -s f754afaadf6c01b9dbdd37ca736d2c2f7afd5ce8 [1ms]
2024-10-28 21:17:06.845 [info] > git config --get commit.template [6ms]
2024-10-28 21:17:06.845 [info] > git for-each-ref --format=%(refname)%00%(upstream:short)%00%(objectname)%00%(upstream:track)%00%(upstream:remotename)%00%(upstream:remoteref) refs/heads/main refs/remotes/main [1ms]
2024-10-28 21:17:06.858 [info] > git status -z -uall [5ms]
2024-10-28 21:17:06.858 [info] > git for-each-ref --sort -committerdate --format %(refname) %(objectname) %(*objectname) [1ms]
2024-10-28 21:19:22.101 [info] > git show --textconv :_posts/2024-10-27-pipewire-config.markdown [7ms]
2024-10-28 21:19:22.102 [info] > git ls-files --stage -- /home/alex/programming/github_blog/_posts/2024-10-27-pipewire-config.markdown [1ms]
2024-10-28 21:19:22.110 [info] > git cat-file -s f754afaadf6c01b9dbdd37ca736d2c2f7afd5ce8 [1ms]
2024-10-28 21:21:29.542 [info] > git config --get commit.template [7ms]
2024-10-28 21:21:29.543 [info] > git for-each-ref --format=%(refname)%00%(upstream:short)%00%(objectname)%00%(upstream:track)%00%(upstream:remotename)%00%(upstream:remoteref) refs/heads/main refs/remotes/main [1ms]
2024-10-28 21:21:29.555 [info] > git status -z -uall [6ms]
2024-10-28 21:21:29.556 [info] > git for-each-ref --sort -committerdate --format %(refname) %(objectname) %(*objectname) [1ms]
2024-10-28 21:22:56.049 [info] > git config --get commit.template [7ms]
2024-10-28 21:22:56.050 [info] > git for-each-ref --format=%(refname)%00%(upstream:short)%00%(objectname)%00%(upstream:track)%00%(upstream:remotename)%00%(upstream:remoteref) refs/heads/main refs/remotes/main [1ms]
2024-10-28 21:22:56.068 [info] > git status -z -uall [9ms]
2024-10-28 21:22:56.077 [info] > git for-each-ref --sort -committerdate --format %(refname) %(objectname) %(*objectname) [10ms]
2024-10-28 21:22:56.090 [info] > git ls-files --stage -- /home/alex/programming/github_blog/_posts/2024-10-27-pipewire-config.markdown [14ms]
2024-10-28 21:22:56.099 [info] > git merge-base refs/heads/main refs/remotes/origin/main [10ms]
2024-10-28 21:22:56.109 [info] > git cat-file -s 5c9d641f4a57ab269687d724f1283b739bd8c6de [11ms]
2024-10-28 21:22:56.110 [info] > git diff --name-status -z --diff-filter=ADMR 5b634177253b0a390b9598c09ff6e8ef9afa1a27...refs/remotes/origin/main [2ms]
2024-10-28 21:22:56.118 [info] > git show --textconv :_posts/2024-10-27-pipewire-config.markdown [1ms]
2024-10-28 21:23:01.107 [info] > git config --get commit.template [7ms]
2024-10-28 21:23:01.108 [info] > git for-each-ref --format=%(refname)%00%(upstream:short)%00%(objectname)%00%(upstream:track)%00%(upstream:remotename)%00%(upstream:remoteref) refs/heads/main refs/remotes/main [1ms]
2024-10-28 21:23:01.122 [info] > git status -z -uall [7ms]
2024-10-28 21:23:01.123 [info] > git for-each-ref --sort -committerdate --format %(refname) %(objectname) %(*objectname) [1ms]
2024-10-28 21:23:17.137 [info] > git config --get commit.template [6ms]
2024-10-28 21:23:17.138 [info] > git for-each-ref --format=%(refname)%00%(upstream:short)%00%(objectname)%00%(upstream:track)%00%(upstream:remotename)%00%(upstream:remoteref) refs/heads/main refs/remotes/main [1ms]
2024-10-28 21:23:17.152 [info] > git status -z -uall [8ms]
2024-10-28 21:23:17.153 [info] > git for-each-ref --sort -committerdate --format %(refname) %(objectname) %(*objectname) [2ms]
2024-10-28 21:23:39.715 [info] > git config --get commit.template [9ms]
2024-10-28 21:23:39.724 [info] > git ls-files --stage -- /home/alex/programming/github_blog/_posts/2024-10-27-pipewire-config.markdown [9ms]
2024-10-28 21:23:39.733 [info] > git for-each-ref --format=%(refname)%00%(upstream:short)%00%(objectname)%00%(upstream:track)%00%(upstream:remotename)%00%(upstream:remoteref) refs/heads/main refs/remotes/main [9ms]
2024-10-28 21:23:39.748 [info] > git status -z -uall [7ms]
2024-10-28 21:23:39.748 [info] > git cat-file -s 1fa86d22951d86e32ce57808f0d5c292845d2eef [16ms]
2024-10-28 21:23:39.749 [info] > git for-each-ref --sort -committerdate --format %(refname) %(objectname) %(*objectname) [2ms]
2024-10-28 21:23:39.769 [info] > git merge-base refs/heads/main refs/remotes/origin/main [11ms]
2024-10-28 21:23:39.776 [info] > git show --textconv :_posts/2024-10-27-pipewire-config.markdown [8ms]
2024-10-28 21:23:39.777 [info] > git diff --name-status -z --diff-filter=ADMR 1488981085ac7a710755993fc1d225a796d622df...refs/remotes/origin/main [2ms]
2024-10-28 21:25:05.342 [info] > git config --get commit.template [7ms]
2024-10-28 21:25:05.343 [info] > git for-each-ref --format=%(refname)%00%(upstream:short)%00%(objectname)%00%(upstream:track)%00%(upstream:remotename)%00%(upstream:remoteref) refs/heads/main refs/remotes/main [1ms]
2024-10-28 21:25:05.355 [info] > git status -z -uall [5ms]
2024-10-28 21:25:05.356 [info] > git for-each-ref --sort -committerdate --format %(refname) %(objectname) %(*objectname) [1ms]
2024-10-28 21:25:10.513 [info] > git show --textconv :_sass/base.scss [6ms]
2024-10-28 21:25:10.513 [info] > git ls-files --stage -- /home/alex/programming/github_blog/_sass/base.scss [1ms]
2024-10-28 21:25:10.519 [info] > git cat-file -s 87200b7c519eaaebecfdd2f62f339eda17a4e779 [1ms]
