2024-10-28 20:17:16.013 [info] Added views:outline in workbench.view.explorer
2024-10-28 20:17:16.013 [info] Added views:workbench.view.search in workbench.view.search
2024-10-28 20:17:16.013 [info] Added views:workbench.scm in workbench.view.scm
2024-10-28 20:17:16.013 [info] Added views:workbench.panel.markers.view in workbench.panel.markers
2024-10-28 20:17:16.013 [info] Added views:workbench.panel.output in workbench.panel.output
2024-10-28 20:17:16.013 [info] Added views:terminal in terminal
2024-10-28 20:17:16.013 [info] Added views:timeline in workbench.view.explorer
2024-10-28 20:17:16.013 [info] Added views:workbench.explorer.fileView in workbench.view.explorer
2024-10-28 20:17:16.448 [info] Added views:workbench.debug.welcome in workbench.view.debug
2024-10-28 20:17:16.516 [info] Added views:workbench.panel.repl.view in workbench.panel.repl
2024-10-28 20:17:16.626 [info] Added views:~remote.forwardedPorts in ~remote.forwardedPortsContainer
2024-10-28 20:17:16.890 [info] Added views:workbench.scm.history in workbench.view.scm
2024-10-28 20:17:59.972 [info] Showing view workbench.explorer.openEditorsView in the container workbench.view.explorer
2024-10-28 20:17:59.975 [info] Added views:workbench.explorer.openEditorsView in workbench.view.explorer
2024-10-28 20:18:16.345 [info] Removed views:workbench.explorer.openEditorsView from workbench.view.explorer
2024-10-28 20:18:36.364 [info] Removed views:workbench.scm.history from workbench.view.scm
2024-10-28 20:18:36.709 [info] Removed views:workbench.panel.repl.view from workbench.panel.repl
2024-10-28 20:18:36.901 [info] Added views:workbench.panel.repl.view in workbench.panel.repl
2024-10-28 20:18:37.591 [info] Added views:workbench.scm.history in workbench.view.scm
2024-10-28 20:18:48.832 [info] Removed views:workbench.scm.history from workbench.view.scm
