2024-10-26 23:13:40.102 [info] [main] Log level: Info
2024-10-26 23:13:40.102 [info] [main] Validating found git in: "git"
2024-10-26 23:13:40.102 [info] [main] Using git "2.47.0" from "git"
2024-10-26 23:13:40.102 [info] [Model][doInitialScan] Initial repository scan started
2024-10-26 23:13:40.102 [info] > git rev-parse --show-toplevel [5ms]
2024-10-26 23:13:40.102 [info] fatal: not a git repository (or any of the parent directories): .git
2024-10-26 23:13:40.102 [info] > git rev-parse --show-toplevel [1ms]
2024-10-26 23:13:40.102 [info] fatal: not a git repository (or any of the parent directories): .git
2024-10-26 23:13:40.102 [info] > git rev-parse --show-toplevel [2ms]
2024-10-26 23:13:40.111 [info] > git rev-parse --git-dir --git-common-dir [4ms]
2024-10-26 23:13:40.119 [info] [Model][openRepository] Opened repository: /home/alex/programming/personal_blog
2024-10-26 23:13:40.133 [info] > git rev-parse --show-toplevel [2ms]
2024-10-26 23:13:40.133 [info] fatal: not a git repository (or any of the parent directories): .git
2024-10-26 23:13:40.134 [info] [Model][doInitialScan] Initial repository scan completed - repositories (1), closed repositories (0), parent repositories (0), unsafe repositories (0)
2024-10-26 23:13:40.134 [info] > git config --get commit.template [8ms]
2024-10-26 23:13:40.149 [info] > git for-each-ref --format=%(refname)%00%(upstream:short)%00%(objectname)%00%(upstream:track)%00%(upstream:remotename)%00%(upstream:remoteref) refs/heads/main refs/remotes/main [2ms]
2024-10-26 23:13:40.150 [info] > git rev-parse --show-toplevel [9ms]
2024-10-26 23:13:40.150 [info] fatal: not a git repository (or any of the parent directories): .git
2024-10-26 23:13:40.281 [info] > git status -z -uall [7ms]
2024-10-26 23:13:40.281 [info] > git for-each-ref --sort -committerdate --format %(refname) %(objectname) %(*objectname) [2ms]
2024-10-26 23:13:40.298 [info] > git for-each-ref --format=%(refname)%00%(upstream:short)%00%(objectname)%00%(upstream:track)%00%(upstream:remotename)%00%(upstream:remoteref) refs/heads/main refs/remotes/main [8ms]
2024-10-26 23:13:40.312 [info] > git config --local branch.main.vscode-merge-base [9ms]
2024-10-26 23:13:40.313 [warning] [Git][config] git config failed: Failed to execute git
2024-10-26 23:13:40.318 [info] > git config --get commit.template [22ms]
2024-10-26 23:13:40.363 [info] > git reflog main --grep-reflog=branch: Created from *. [46ms]
2024-10-26 23:13:40.371 [info] > git symbolic-ref --short refs/remotes/origin/HEAD [3ms]
2024-10-26 23:13:40.371 [info] fatal: ref refs/remotes/origin/HEAD is not a symbolic ref
2024-10-26 23:13:40.371 [warning] [Repository][getDefaultBranch] Failed to get default branch details: Failed to execute git.
2024-10-26 23:13:40.378 [info] > git for-each-ref --format=%(refname)%00%(upstream:short)%00%(objectname)%00%(upstream:track)%00%(upstream:remotename)%00%(upstream:remoteref) refs/heads/main refs/remotes/main [16ms]
2024-10-26 23:13:40.379 [info] > git merge-base refs/heads/main refs/remotes/origin/main [2ms]
2024-10-26 23:13:40.386 [info] > git diff --name-status -z --diff-filter=ADMR f3907895e4e47b8b8d814a4c2674395b3addaded...refs/remotes/origin/main [2ms]
2024-10-26 23:13:40.398 [info] > git status -z -uall [6ms]
2024-10-26 23:13:40.399 [info] > git for-each-ref --sort -committerdate --format %(refname) %(objectname) %(*objectname) [2ms]
2024-10-26 23:13:41.132 [info] > git check-ignore -v -z --stdin [2ms]
2024-10-26 23:13:41.749 [info] > git show --textconv :index.html [7ms]
2024-10-26 23:13:41.750 [info] > git ls-files --stage -- /home/alex/programming/personal_blog/index.html [1ms]
2024-10-26 23:13:41.756 [info] > git cat-file -s fc0b0fb1b52dbef2ddd87c8c4b9ab50c543376ab [1ms]
2024-10-26 23:13:41.842 [info] > git rev-parse --show-toplevel [1ms]
2024-10-26 23:13:41.843 [info] fatal: not a git repository (or any of the parent directories): .git
2024-10-26 23:14:06.740 [info] > git config --get commit.template [5ms]
2024-10-26 23:14:06.741 [info] > git for-each-ref --format=%(refname)%00%(upstream:short)%00%(objectname)%00%(upstream:track)%00%(upstream:remotename)%00%(upstream:remoteref) refs/heads/main refs/remotes/main [1ms]
2024-10-26 23:14:06.751 [info] > git status -z -uall [5ms]
2024-10-26 23:14:06.752 [info] > git for-each-ref --sort -committerdate --format %(refname) %(objectname) %(*objectname) [1ms]
2024-10-26 23:14:19.032 [info] > git check-ignore -v -z --stdin [1ms]
2024-10-26 23:14:19.604 [info] > git config --get commit.template [6ms]
2024-10-26 23:14:19.605 [info] > git for-each-ref --format=%(refname)%00%(upstream:short)%00%(objectname)%00%(upstream:track)%00%(upstream:remotename)%00%(upstream:remoteref) refs/heads/main refs/remotes/main [1ms]
2024-10-26 23:14:19.616 [info] > git status -z -uall [6ms]
2024-10-26 23:14:19.617 [info] > git for-each-ref --sort -committerdate --format %(refname) %(objectname) %(*objectname) [1ms]
2024-10-27 00:26:37.981 [info] > git config --get commit.template [6ms]
2024-10-27 00:26:37.981 [info] > git for-each-ref --format=%(refname)%00%(upstream:short)%00%(objectname)%00%(upstream:track)%00%(upstream:remotename)%00%(upstream:remoteref) refs/heads/main refs/remotes/main [1ms]
2024-10-27 00:26:37.992 [info] > git status -z -uall [6ms]
2024-10-27 00:26:37.992 [info] > git for-each-ref --sort -committerdate --format %(refname) %(objectname) %(*objectname) [1ms]
2024-10-27 01:35:37.445 [info] > git config --get commit.template [7ms]
2024-10-27 01:35:37.450 [info] > git ls-files --stage -- /home/alex/programming/personal_blog/index.html [6ms]
2024-10-27 01:35:37.455 [info] > git for-each-ref --format=%(refname)%00%(upstream:short)%00%(objectname)%00%(upstream:track)%00%(upstream:remotename)%00%(upstream:remoteref) refs/heads/main refs/remotes/main [6ms]
2024-10-27 01:35:37.464 [info] > git status -z -uall [5ms]
2024-10-27 01:35:37.464 [info] > git cat-file -s 1b1dd5f465950186987884b17db491838eda1165 [10ms]
2024-10-27 01:35:37.465 [info] > git for-each-ref --sort -committerdate --format %(refname) %(objectname) %(*objectname) [1ms]
2024-10-27 01:35:37.480 [info] > git merge-base refs/heads/main refs/remotes/origin/main [7ms]
2024-10-27 01:35:37.486 [info] > git show --textconv :index.html [7ms]
2024-10-27 01:35:37.487 [info] > git diff --name-status -z --diff-filter=ADMR 00854b7bf2867be6660ca5c477a315d95b54691e...refs/remotes/origin/main [1ms]
2024-10-27 01:35:47.554 [info] > git config --get commit.template [5ms]
2024-10-27 01:35:47.555 [info] > git for-each-ref --format=%(refname)%00%(upstream:short)%00%(objectname)%00%(upstream:track)%00%(upstream:remotename)%00%(upstream:remoteref) refs/heads/main refs/remotes/main [1ms]
2024-10-27 01:35:47.566 [info] > git status -z -uall [6ms]
2024-10-27 01:35:47.567 [info] > git for-each-ref --sort -committerdate --format %(refname) %(objectname) %(*objectname) [1ms]
2024-10-27 01:36:05.442 [info] > git config --get commit.template [6ms]
2024-10-27 01:36:05.442 [info] > git for-each-ref --format=%(refname)%00%(upstream:short)%00%(objectname)%00%(upstream:track)%00%(upstream:remotename)%00%(upstream:remoteref) refs/heads/main refs/remotes/main [1ms]
2024-10-27 01:36:05.454 [info] > git status -z -uall [7ms]
2024-10-27 01:36:05.454 [info] > git for-each-ref --sort -committerdate --format %(refname) %(objectname) %(*objectname) [1ms]
2024-10-27 01:36:26.525 [info] > git config --get commit.template [7ms]
2024-10-27 01:36:26.525 [info] > git for-each-ref --format=%(refname)%00%(upstream:short)%00%(objectname)%00%(upstream:track)%00%(upstream:remotename)%00%(upstream:remoteref) refs/heads/main refs/remotes/main [1ms]
2024-10-27 01:36:26.537 [info] > git status -z -uall [6ms]
2024-10-27 01:36:26.538 [info] > git for-each-ref --sort -committerdate --format %(refname) %(objectname) %(*objectname) [2ms]
2024-10-27 01:36:32.815 [info] > git config --get commit.template [6ms]
2024-10-27 01:36:32.815 [info] > git for-each-ref --format=%(refname)%00%(upstream:short)%00%(objectname)%00%(upstream:track)%00%(upstream:remotename)%00%(upstream:remoteref) refs/heads/main refs/remotes/main [1ms]
2024-10-27 01:36:32.825 [info] > git status -z -uall [5ms]
2024-10-27 01:36:32.826 [info] > git for-each-ref --sort -committerdate --format %(refname) %(objectname) %(*objectname) [1ms]
2024-10-27 01:37:30.154 [info] > git config --get commit.template [6ms]
2024-10-27 01:37:30.155 [info] > git for-each-ref --format=%(refname)%00%(upstream:short)%00%(objectname)%00%(upstream:track)%00%(upstream:remotename)%00%(upstream:remoteref) refs/heads/main refs/remotes/main [1ms]
2024-10-27 01:37:30.166 [info] > git status -z -uall [6ms]
2024-10-27 01:37:30.167 [info] > git for-each-ref --sort -committerdate --format %(refname) %(objectname) %(*objectname) [1ms]
2024-10-27 01:37:35.572 [info] > git check-ignore -v -z --stdin [1ms]
2024-10-27 01:37:35.843 [info] > git show --textconv :styles/style.css [7ms]
2024-10-27 01:37:35.844 [info] > git ls-files --stage -- /home/alex/programming/personal_blog/styles/style.css [2ms]
2024-10-27 01:37:35.850 [info] > git cat-file -s 308314388bc5cfb3e053f701d828ab474b85a0a7 [1ms]
2024-10-27 02:10:40.025 [info] > git config --get commit.template [6ms]
2024-10-27 02:10:40.025 [info] > git for-each-ref --format=%(refname)%00%(upstream:short)%00%(objectname)%00%(upstream:track)%00%(upstream:remotename)%00%(upstream:remoteref) refs/heads/main refs/remotes/main [1ms]
2024-10-27 02:10:40.036 [info] > git status -z -uall [6ms]
2024-10-27 02:10:40.037 [info] > git for-each-ref --sort -committerdate --format %(refname) %(objectname) %(*objectname) [2ms]
2024-10-27 02:11:25.845 [info] > git config --get commit.template [5ms]
2024-10-27 02:11:25.846 [info] > git for-each-ref --format=%(refname)%00%(upstream:short)%00%(objectname)%00%(upstream:track)%00%(upstream:remotename)%00%(upstream:remoteref) refs/heads/main refs/remotes/main [1ms]
2024-10-27 02:11:25.857 [info] > git status -z -uall [6ms]
2024-10-27 02:11:25.858 [info] > git for-each-ref --sort -committerdate --format %(refname) %(objectname) %(*objectname) [1ms]
2024-10-27 02:11:25.867 [info] > git merge-base refs/heads/main refs/remotes/origin/main [1ms]
2024-10-27 02:11:25.880 [info] > git diff --name-status -z --diff-filter=ADMR a5e9ddace4a434fcc8fb552cfb58718c9771cac7...refs/remotes/origin/main [6ms]
2024-10-27 02:11:25.882 [info] > git ls-files --stage -- /home/alex/programming/personal_blog/styles/style.css [2ms]
2024-10-27 02:11:25.888 [info] > git cat-file -s cd8e98751132a807555a2dec7f23f0428d35b094 [1ms]
2024-10-27 02:11:25.896 [info] > git show --textconv :styles/style.css [1ms]
2024-10-27 02:21:31.880 [info] > git config --get commit.template [7ms]
2024-10-27 02:21:31.881 [info] > git for-each-ref --format=%(refname)%00%(upstream:short)%00%(objectname)%00%(upstream:track)%00%(upstream:remotename)%00%(upstream:remoteref) refs/heads/main refs/remotes/main [1ms]
2024-10-27 02:21:31.893 [info] > git status -z -uall [6ms]
2024-10-27 02:21:31.893 [info] > git for-each-ref --sort -committerdate --format %(refname) %(objectname) %(*objectname) [1ms]
